【登录信息】
*d7ad223a94b1cdb31734ad5fb25df4bd*
`登陆天数: 163天 / 1467天
等级: 142
石头: 25
呼符: 0
体力: 81.25333333333333 / 140
友情点: 25 / 2095845`
*連続ログイン2日目
※ログインが途切れるか、7日到達すると
1日目から再開されます*
`聖晶石 X 1
1月交換券(2024) X 1
`*2024年お正月キャンペーン　三が日限定ログインボーナス*
*開催期間中、三が日限定のログインボーナスをプレゼント！*
`叡智の業火 X 30
QP X 10000000
`_2023-12-31 19:36:56_
--------
*cc35aa5e26684026f8977d0840e09eee*
`登陆天数: 21天 / 1476天
等级: 128
石头: 4
呼符: 2
体力: 1683.1766666666667 / 137
友情点: 0 / 1033020`
*連続ログイン7日間到達おめでとうございます！
明日は1日目からリスタートされます。*
`獣の足跡 X 1
呼符 X 1
1月交換券(2024) X 1
`*2024年お正月キャンペーン　三が日限定ログインボーナス*
*開催期間中、三が日限定のログインボーナスをプレゼント！*
`叡智の業火 X 30
QP X 10000000
`_2023-12-31 19:37:04_
--------
