【登录信息】
*d7ad223a94b1cdb31734ad5fb25df4bd*
`登陆天数: 164天 / 1468天
等级: 142
石头: 0
呼符: 0
体力: 95.22999999999999 / 140
友情点: 0 / 1870260`
*連続ログイン3日目
※ログインが途切れるか、7日到達すると
1日目から再開されます*
`叡智の業火 X 1
1月交換券(2024) X 1
`*2024年お正月キャンペーン　三が日限定ログインボーナス*
*開催期間中、三が日限定のログインボーナスをプレゼント！*
`伝承結晶 X 1
`_2024-01-01 19:36:49_
--------
*cc35aa5e26684026f8977d0840e09eee*
`登陆天数: 22天 / 1477天
等级: 128
石头: 24
呼符: 0
体力: 1971.1533333333334 / 137
友情点: 0 / 1043020`
*連続ログイン1日目
※ログインが途切れるか、7日到達すると
1日目から再開されます*
`フレンドポイント X 2000
1月交換券(2024) X 1
`*2024年お正月キャンペーン　三が日限定ログインボーナス*
*開催期間中、三が日限定のログインボーナスをプレゼント！*
`伝承結晶 X 1
`_2024-01-01 19:36:57_
--------
