【登录信息】
*d7ad223a94b1cdb31734ad5fb25df4bd*
`登陆天数: 165天 / 1469天
等级: 142
石头: 0
呼符: 0
体力: 81.12 / 140
友情点: 25 / 1624810`
*連続ログイン4日目
※ログインが途切れるか、7日到達すると
1日目から再開されます*
`聖晶石 X 1
1月交換券(2024) X 1
`*2024年お正月キャンペーン　三が日限定ログインボーナス*
*開催期間中、三が日限定のログインボーナスをプレゼント！*
`聖杯 X 1
`_2024-01-02 19:36:55_
--------
*cc35aa5e26684026f8977d0840e09eee*
`登陆天数: 23天 / 1478天
等级: 128
石头: 24
呼符: 0
体力: 2259.173333333333 / 137
友情点: 0 / 1043020`
*連続ログイン2日目
※ログインが途切れるか、7日到達すると
1日目から再開されます*
`聖晶石 X 1
1月交換券(2024) X 1
`*2024年お正月キャンペーン　三が日限定ログインボーナス*
*開催期間中、三が日限定のログインボーナスをプレゼント！*
`聖杯 X 1
`_2024-01-02 19:37:04_
--------
