【登录信息】
*d7ad223a94b1cdb31734ad5fb25df4bd*
`登陆天数: 166天 / 1470天
等级: 142
石头: 2
呼符: 0
体力: 89.12666666666667 / 140
友情点: 0 / 1157445`
*連続ログイン5日目
※ログインが途切れるか、7日到達すると
1日目から再開されます*
`叡智の業火 X 2
1月交換券(2024) X 1
`*2024年お正月キャンペーン 10万リポスト達成プレゼント*
*開催期間中、初回ログインでお正月限定概念礼装&2024万QPをプレゼント！*
`ドラゴン・ダンス X 1
QP X 20240000
`_2024-01-03 19:36:57_
--------
*cc35aa5e26684026f8977d0840e09eee*
`登陆天数: 24天 / 1479天
等级: 128
石头: 24
呼符: 0
体力: 2547.18 / 137
友情点: 0 / 1043020`
*連続ログイン3日目
※ログインが途切れるか、7日到達すると
1日目から再開されます*
`叡智の業火 X 1
1月交換券(2024) X 1
`*2024年お正月キャンペーン 10万リポスト達成プレゼント*
*開催期間中、初回ログインでお正月限定概念礼装&2024万QPをプレゼント！*
`ドラゴン・ダンス X 1
QP X 20240000
`_2024-01-03 19:37:05_
--------
