【登录信息】
*d7ad223a94b1cdb31734ad5fb25df4bd*
`登陆天数: 173天 / 1477天
等级: 142
石头: 8
呼符: 0
体力: 123.87666666666667 / 140
友情点: 50 / 373010`
*連続ログイン5日目
※ログインが途切れるか、7日到達すると
1日目から再開されます*
`叡智の業火 X 2
1月交換券(2024) X 1
`*「FGO カルデア・サテライトステーション 2023-2024」宮崎会場開催直前 ログインボーナス*
*開催期間中、1日1回 最大3回 ログインボーナスをプレゼント！*
`黄金の果実 X 1
`_2024-01-10 19:36:38_
--------
*cc35aa5e26684026f8977d0840e09eee*
`登陆天数: 2天 / 1485天
等级: 128
石头: 8
呼符: 0
体力: 710.89 / 137
友情点: 0 / 1045020`
*連続ログイン2日目
※ログインが途切れるか、7日到達すると
1日目から再開されます*
`聖晶石 X 1
1月交換券(2024) X 1
`*「FGO カルデア・サテライトステーション 2023-2024」宮崎会場開催直前 ログインボーナス*
*開催期間中、1日1回 最大3回 ログインボーナスをプレゼント！*
`黄金の果実 X 1
`_2024-01-10 19:36:46_
--------
