【登录信息】
*d7ad223a94b1cdb31734ad5fb25df4bd*
`登陆天数: 175天 / 1479天
等级: 142
石头: 10
呼符: 0
体力: 74.88 / 140
友情点: 205 / 374285`
*連続ログイン7日間到達おめでとうございます！
明日は1日目からリスタートされます。*
`獣の足跡 X 1
呼符 X 1
1月交換券(2024) X 1
`*「FGO カルデア・サテライトステーション 2023-2024」宮崎会場開催直前 ログインボーナス*
*開催期間中、1日1回 最大3回 ログインボーナスをプレゼント！*
`黄金の果実 X 1
`_2024-01-12 19:36:54_
--------
*cc35aa5e26684026f8977d0840e09eee*
`登陆天数: 4天 / 1487天
等级: 128
石头: 8
呼符: 0
体力: 1286.9466666666667 / 137
友情点: 0 / 1045020`
*連続ログイン4日目
※ログインが途切れるか、7日到達すると
1日目から再開されます*
`聖晶石 X 1
1月交換券(2024) X 1
`*「FGO カルデア・サテライトステーション 2023-2024」宮崎会場開催直前 ログインボーナス*
*開催期間中、1日1回 最大3回 ログインボーナスをプレゼント！*
`黄金の果実 X 1
`_2024-01-12 19:37:03_
--------
