【登录信息】
*d7ad223a94b1cdb31734ad5fb25df4bd*
`登陆天数: 176天 / 1480天
等级: 142
石头: 10
呼符: 1
体力: 122.86666666666667 / 140
友情点: 50 / 374355`
*連続ログイン1日目
※ログインが途切れるか、7日到達すると
1日目から再開されます*
`フレンドポイント X 2000
1月交換券(2024) X 1
`*「FGO カルデア・サテライトステーション 2023-2024」宮崎会場開催記念 3万リポスト達成プレゼント*
*開催期間中、初回ログインで「聖晶石×6」をプレゼント！*
`聖晶石 X 6
`_2024-01-13 19:36:51_
--------
*cc35aa5e26684026f8977d0840e09eee*
`登陆天数: 5天 / 1488天
等级: 128
石头: 8
呼符: 0
体力: 1574.9333333333334 / 137
友情点: 0 / 1045020`
*連続ログイン5日目
※ログインが途切れるか、7日到達すると
1日目から再開されます*
`叡智の業火 X 2
1月交換券(2024) X 1
`*「FGO カルデア・サテライトステーション 2023-2024」宮崎会場開催記念 3万リポスト達成プレゼント*
*開催期間中、初回ログインで「聖晶石×6」をプレゼント！*
`聖晶石 X 6
`_2024-01-13 19:36:59_
--------
