【登录信息】
*d7ad223a94b1cdb31734ad5fb25df4bd*
`登陆天数: 177天 / 1481天
等级: 142
石头: 26
呼符: 1
体力: 87.12 / 140
友情点: 20 / 376925`
*連続ログイン2日目
※ログインが途切れるか、7日到達すると
1日目から再開されます*
`聖晶石 X 1
1月交換券(2024) X 1
`*Fate/Samurai Remnant×Fate/Grand Order
コラボレーションイベント
開幕直前特別ログインボーナス*
*開催期間中、1日1回 最大7回ログインボーナスをプレゼント！*
`聖晶石 X 1
`_2024-01-14 19:36:53_
--------
*cc35aa5e26684026f8977d0840e09eee*
`登陆天数: 6天 / 1489天
等级: 128
石头: 8
呼符: 0
体力: 1862.9433333333334 / 137
友情点: 0 / 1045020`
*連続ログイン6日目
※ログインが途切れるか、7日到達すると
1日目から再開されます*
`聖晶石 X 2
1月交換券(2024) X 1
`*Fate/Samurai Remnant×Fate/Grand Order
コラボレーションイベント
開幕直前特別ログインボーナス*
*開催期間中、1日1回 最大7回ログインボーナスをプレゼント！*
`聖晶石 X 1
`_2024-01-14 19:37:02_
--------
