【登录信息】
*d7ad223a94b1cdb31734ad5fb25df4bd*
`登陆天数: 178天 / 1482天
等级: 142
石头: 28
呼符: 1
体力: 89.82666666666667 / 140
友情点: 225 / 373990`
*連続ログイン3日目
※ログインが途切れるか、7日到達すると
1日目から再開されます*
`叡智の業火 X 1
1月交換券(2024) X 1
`*Fate/Samurai Remnant×Fate/Grand Order
コラボレーションイベント
開幕直前特別ログインボーナス*
*開催期間中、1日1回 最大7回ログインボーナスをプレゼント！*
`QP X 2000000
聖晶石 X 1
`_2024-01-15 19:36:53_
--------
*cc35aa5e26684026f8977d0840e09eee*
`登陆天数: 7天 / 1490天
等级: 128
石头: 8
呼符: 0
体力: 2150.94 / 137
友情点: 0 / 1045020`
*連続ログイン7日間到達おめでとうございます！
明日は1日目からリスタートされます。*
`獣の足跡 X 1
呼符 X 1
1月交換券(2024) X 1
`*Fate/Samurai Remnant×Fate/Grand Order
コラボレーションイベント
開幕直前特別ログインボーナス*
*開催期間中、1日1回 最大7回ログインボーナスをプレゼント！*
`QP X 2000000
聖晶石 X 1
`_2024-01-15 19:37:01_
--------
