【登录信息】
*d7ad223a94b1cdb31734ad5fb25df4bd*
`登陆天数: 179天 / 1483天
等级: 142
石头: 29
呼符: 1
体力: 96.30666666666667 / 140
友情点: 95 / 374225`
*連続ログイン4日目
※ログインが途切れるか、7日到達すると
1日目から再開されます*
`聖晶石 X 1
1月交換券(2024) X 1
`*Fate/Samurai Remnant×Fate/Grand Order
コラボレーションイベント
開幕直前特別ログインボーナス*
*開催期間中、1日1回 最大7回ログインボーナスをプレゼント！*
`聖晶石 X 1
白銀の果実 X 1
`_2024-01-16 19:36:37_
--------
*cc35aa5e26684026f8977d0840e09eee*
`登陆天数: 8天 / 1491天
等级: 128
石头: 8
呼符: 0
体力: 2438.89 / 137
友情点: 0 / 1045020`
*連続ログイン1日目
※ログインが途切れるか、7日到達すると
1日目から再開されます*
`フレンドポイント X 2000
1月交換券(2024) X 1
`*Fate/Samurai Remnant×Fate/Grand Order
コラボレーションイベント
開幕直前特別ログインボーナス*
*開催期間中、1日1回 最大7回ログインボーナスをプレゼント！*
`聖晶石 X 1
白銀の果実 X 1
`_2024-01-16 19:36:46_
--------
