【登录信息】
*d7ad223a94b1cdb31734ad5fb25df4bd*
`登陆天数: 181天 / 1485天
等级: 142
石头: 1
呼符: 0
体力: 97.38333333333333 / 140
友情点: 10 / 120`
*連続ログイン6日目
※ログインが途切れるか、7日到達すると
1日目から再開されます*
`聖晶石 X 2
1月交換券(2024) X 1
`*Fate/Samurai Remnant×Fate/Grand Order
コラボレーションイベント
開幕直前特別ログインボーナス*
*開催期間中、1日1回 最大7回ログインボーナスをプレゼント！*
`英霊結晶・太陽のフォウくん X 5
聖晶石 X 1
`_2024-01-18 19:36:56_
--------
*cc35aa5e26684026f8977d0840e09eee*
`登陆天数: 10天 / 1493天
等级: 128
石头: 8
呼符: 0
体力: 3014.95 / 137
友情点: 0 / 1045020`
*連続ログイン3日目
※ログインが途切れるか、7日到達すると
1日目から再開されます*
`叡智の業火 X 1
1月交換券(2024) X 1
`*Fate/Samurai Remnant×Fate/Grand Order
コラボレーションイベント
開幕直前特別ログインボーナス*
*開催期間中、1日1回 最大7回ログインボーナスをプレゼント！*
`英霊結晶・太陽のフォウくん X 5
聖晶石 X 1
`_2024-01-18 19:37:05_
--------
