【登录信息】
*d7ad223a94b1cdb31734ad5fb25df4bd*
`登陆天数: 183天 / 1487天
等级: 142
石头: 2
呼符: 0
体力: 89.98333333333333 / 140
友情点: 105 / 1050`
*連続ログイン1日目
※ログインが途切れるか、7日到達すると
1日目から再開されます*
`フレンドポイント X 2000
1月交換券(2024) X 1
`*盈月剣風帖開幕記念 ログインボーナス*
*開催期間中、1日1回 最大21回ログインボーナスをプレゼント！*
`白銀の果実 X 1
`_2024-01-20 19:36:59_
--------
*cc35aa5e26684026f8977d0840e09eee*
`登陆天数: 12天 / 1495天
等级: 128
石头: 8
呼符: 0
体力: 3590.963333333333 / 137
友情点: 0 / 1045020`
*連続ログイン5日目
※ログインが途切れるか、7日到達すると
1日目から再開されます*
`叡智の業火 X 2
1月交換券(2024) X 1
`*盈月剣風帖開幕記念 ログインボーナス*
*開催期間中、1日1回 最大21回ログインボーナスをプレゼント！*
`白銀の果実 X 1
`_2024-01-20 19:37:08_
--------
