【登录信息】
*d7ad223a94b1cdb31734ad5fb25df4bd*
`登陆天数: 184天 / 1488天
等级: 142
石头: 0
呼符: 0
体力: 106.57666666666667 / 140
友情点: 135 / 610`
*連続ログイン2日目
※ログインが途切れるか、7日到達すると
1日目から再開されます*
`聖晶石 X 1
1月交換券(2024) X 1
`*盈月剣風帖開幕記念 ログインボーナス*
*開催期間中、1日1回 最大21回ログインボーナスをプレゼント！*
`白銀の果実 X 1
`_2024-01-21 19:37:06_
--------
*cc35aa5e26684026f8977d0840e09eee*
`登陆天数: 13天 / 1496天
等级: 128
石头: 8
呼符: 0
体力: 3878.9866666666667 / 137
友情点: 0 / 1045020`
*連続ログイン6日目
※ログインが途切れるか、7日到達すると
1日目から再開されます*
`聖晶石 X 2
1月交換券(2024) X 1
`*盈月剣風帖開幕記念 ログインボーナス*
*開催期間中、1日1回 最大21回ログインボーナスをプレゼント！*
`白銀の果実 X 1
`_2024-01-21 19:37:15_
--------
