【登录信息】
*d7ad223a94b1cdb31734ad5fb25df4bd*
`登陆天数: 185天 / 1489天
等级: 142
石头: 0
呼符: 0
体力: 79.22333333333333 / 140
友情点: 10 / 1085`
*連続ログイン3日目
※ログインが途切れるか、7日到達すると
1日目から再開されます*
`叡智の業火 X 1
1月交換券(2024) X 1
`*リリース3100日突破キャンペーン 初回ログインボーナス*
*開催期間中、初回ログインで「聖晶石×10」をプレゼント！*
`聖晶石 X 10
`_2024-01-22 19:37:00_
--------
*cc35aa5e26684026f8977d0840e09eee*
`登陆天数: 14天 / 1497天
等级: 128
石头: 8
呼符: 0
体力: 4166.963333333333 / 137
友情点: 0 / 1045020`
*連続ログイン7日間到達おめでとうございます！
明日は1日目からリスタートされます。*
`獣の足跡 X 1
呼符 X 1
1月交換券(2024) X 1
`*リリース3100日突破キャンペーン 初回ログインボーナス*
*開催期間中、初回ログインで「聖晶石×10」をプレゼント！*
`聖晶石 X 10
`_2024-01-22 19:37:09_
--------
