【登录信息】
*d7ad223a94b1cdb31734ad5fb25df4bd*
`登陆天数: 192天 / 1496天
等级: 142
石头: 0
呼符: 0
体力: 61.476666666666674 / 140
友情点: 50 / 805`
*連続ログイン3日目
※ログインが途切れるか、7日到達すると
1日目から再開されます*
`叡智の業火 X 1
1月交換券(2024) X 1
`*盈月剣風帖開幕記念 ログインボーナス*
*開催期間中、1日1回 最大21回ログインボーナスをプレゼント！*
`白銀の果実 X 1
`_2024-01-29 19:36:50_
--------
*cc35aa5e26684026f8977d0840e09eee*
`登陆天数: 21天 / 1504天
等级: 128
石头: 8
呼符: 0
体力: 6182.93 / 137
友情点: 0 / 1045020`
*連続ログイン7日間到達おめでとうございます！
明日は1日目からリスタートされます。*
`獣の足跡 X 1
呼符 X 1
1月交換券(2024) X 1
`*盈月剣風帖開幕記念 ログインボーナス*
*開催期間中、1日1回 最大21回ログインボーナスをプレゼント！*
`白銀の果実 X 1
`_2024-01-29 19:36:58_
--------
