【登录信息】
*d7ad223a94b1cdb31734ad5fb25df4bd*
`登陆天数: 193天 / 1497天
等级: 142
石头: 0
呼符: 0
体力: 69.43 / 140
友情点: 60 / 1485`
*連続ログイン4日目
※ログインが途切れるか、7日到達すると
1日目から再開されます*
`聖晶石 X 1
1月交換券(2024) X 1
`*「Fate/stay night」20周年記念特別ログインボーナス*
*開催期間中、1日1回 最大7回ログインボーナスをプレゼント！*
`叡智の猛火 X 20
`_2024-01-30 19:36:36_
--------
*cc35aa5e26684026f8977d0840e09eee*
`登陆天数: 22天 / 1505天
等级: 128
石头: 8
呼符: 0
体力: 6470.886666666666 / 137
友情点: 0 / 1045020`
*連続ログイン1日目
※ログインが途切れるか、7日到達すると
1日目から再開されます*
`フレンドポイント X 2000
1月交換券(2024) X 1
`*「Fate/stay night」20周年記念
「Fate/stay night」サーヴァント特別召喚アイテムプレゼント*
*開催期間中、初回ログインで「Fate/stay night 20th記念特別交換チケット」をプレゼント！*
`Fate/stay night 20th記念特別交換チケット X 1
`_2024-01-30 19:36:45_
--------
