【登录信息】
*d7ad223a94b1cdb31734ad5fb25df4bd*
`登陆天数: 267天 / 1571天
等级: 144
石头: 2
呼符: 0
体力: 152.08666666666667 / 141
友情点: 90 / 6945`
*連続ログイン1日目
※ログインが途切れるか、7日到達すると
1日目から再開されます*
`フレンドポイント X 2000
4月交換券(2024) X 1
`*日替りログインボーナス*
*開催期間中、1日1回 2週間日替りでログインボーナスをプレゼント！*
`聖晶石 X 1
巡霊の葉 X 80
`_2024-04-13 19:32:04_
--------
*cc35aa5e26684026f8977d0840e09eee*
`登陆天数: 2天 / 1524天
等级: 128
石头: 0
呼符: 0
体力: 5046.373333333333 / 137
友情点: 0 / 1063020`
*連続ログイン2日目
※ログインが途切れるか、7日到達すると
1日目から再開されます*
`聖晶石 X 1
4月交換券(2024) X 1
`*日替りログインボーナス*
*開催期間中、1日1回 2週間日替りでログインボーナスをプレゼント！*
`聖晶石 X 1
巡霊の葉 X 80
`_2024-04-13 19:32:13_
--------
