【登录信息】
*d7ad223a94b1cdb31734ad5fb25df4bd*
`登陆天数: 269天 / 1573天
等级: 144
石头: 1
呼符: 0
体力: 93.65 / 141
友情点: 225 / 9505`
*連続ログイン3日目
※ログインが途切れるか、7日到達すると
1日目から再開されます*
`叡智の業火 X 1
4月交換券(2024) X 1
`*日替りログインボーナス*
*開催期間中、1日1回 2週間日替りでログインボーナスをプレゼント！*
`巡霊の葉 X 30
`_2024-04-15 19:32:19_
--------
*cc35aa5e26684026f8977d0840e09eee*
`登陆天数: 4天 / 1526天
等级: 128
石头: 0
呼符: 0
体力: 5622.426666666666 / 137
友情点: 0 / 1063020`
*連続ログイン4日目
※ログインが途切れるか、7日到達すると
1日目から再開されます*
`聖晶石 X 1
4月交換券(2024) X 1
`*日替りログインボーナス*
*開催期間中、1日1回 2週間日替りでログインボーナスをプレゼント！*
`巡霊の葉 X 30
`_2024-04-15 19:32:28_
--------
