【登录信息】
*d7ad223a94b1cdb31734ad5fb25df4bd*
`登陆天数: 270天 / 1574天
等级: 144
石头: 1
呼符: 0
体力: 112.68333333333334 / 141
友情点: 75 / 9635`
*連続ログイン4日目
※ログインが途切れるか、7日到達すると
1日目から再開されます*
`聖晶石 X 1
4月交換券(2024) X 1
`*日替りログインボーナス*
*開催期間中、1日1回 2週間日替りでログインボーナスをプレゼント！*
`聖晶石 X 3
巡霊の葉 X 50
`_2024-04-16 19:32:20_
--------
*cc35aa5e26684026f8977d0840e09eee*
`登陆天数: 5天 / 1527天
等级: 128
石头: 0
呼符: 0
体力: 5910.426666666666 / 137
友情点: 0 / 1063020`
*連続ログイン5日目
※ログインが途切れるか、7日到達すると
1日目から再開されます*
`叡智の業火 X 2
4月交換券(2024) X 1
`*日替りログインボーナス*
*開催期間中、1日1回 2週間日替りでログインボーナスをプレゼント！*
`聖晶石 X 3
巡霊の葉 X 50
`_2024-04-16 19:32:28_
--------
