【登录信息】
*d7ad223a94b1cdb31734ad5fb25df4bd*
`登陆天数: 271天 / 1575天
等级: 144
石头: 6
呼符: 0
体力: 101.44666666666666 / 141
友情点: 125 / 9800`
*連続ログイン5日目
※ログインが途切れるか、7日到達すると
1日目から再開されます*
`叡智の業火 X 2
4月交換券(2024) X 1
`*魔法使いの夜×Fate/Grand Orderコラボレーションイベント
開幕直前特別ログインボーナス*
*開催期間中、1日1回 最大7回 ログインボーナスをプレゼント！*
`黄金の果実 X 1
`_2024-04-17 19:32:19_
--------
*cc35aa5e26684026f8977d0840e09eee*
`登陆天数: 6天 / 1528天
等级: 128
石头: 0
呼符: 0
体力: 6198.423333333333 / 137
友情点: 0 / 1063020`
*連続ログイン6日目
※ログインが途切れるか、7日到達すると
1日目から再開されます*
`聖晶石 X 2
4月交換券(2024) X 1
`*Fate/Grand Order 春の新米マスター応援キャンペーン2024！
特別ログインボーナス*
*開催期間中、1日1回 最大7回 回数ログインボーナスをプレゼント！*
`聖晶石 X 1
`_2024-04-17 19:32:27_
--------
