【登录信息】
*d7ad223a94b1cdb31734ad5fb25df4bd*
`登陆天数: 272天 / 1576天
等级: 144
石头: 6
呼符: 0
体力: 113.75 / 141
友情点: 60 / 10155`
*連続ログイン6日目
※ログインが途切れるか、7日到達すると
1日目から再開されます*
`聖晶石 X 2
4月交換券(2024) X 1
`*魔法使いの夜×Fate/Grand Orderコラボレーションイベント
開幕直前特別ログインボーナス*
*開催期間中、1日1回 最大7回 ログインボーナスをプレゼント！*
`QP X 2000000
`_2024-04-18 19:32:08_
--------
*cc35aa5e26684026f8977d0840e09eee*
`登陆天数: 7天 / 1529天
等级: 128
石头: 0
呼符: 0
体力: 6486.39 / 137
友情点: 0 / 1063020`
*連続ログイン7日間到達おめでとうございます！
明日は1日目からリスタートされます。*
`獣の足跡 X 1
呼符 X 1
4月交換券(2024) X 1
`*Fate/Grand Order 春の新米マスター応援キャンペーン2024！
特別ログインボーナス*
*開催期間中、1日1回 最大7回 回数ログインボーナスをプレゼント！*
`呼符 X 1
`_2024-04-18 19:32:17_
--------
