【登录信息】
*d7ad223a94b1cdb31734ad5fb25df4bd*
`登陆天数: 274天 / 1578天
等级: 144
石头: 9
呼符: 1
体力: 134.68333333333334 / 141
友情点: 60 / 10385`
*連続ログイン1日目
※ログインが途切れるか、7日到達すると
1日目から再開されます*
`フレンドポイント X 2000
4月交換券(2024) X 1
`*魔法使いの夜×Fate/Grand Orderコラボレーションイベント
開幕直前特別ログインボーナス*
*開催期間中、1日1回 最大7回 ログインボーナスをプレゼント！*
`英霊結晶・星のフォウくん X 5
`_2024-04-20 19:32:23_
--------
*cc35aa5e26684026f8977d0840e09eee*
`登陆天数: 9天 / 1531天
等级: 128
石头: 0
呼符: 0
体力: 7062.44 / 137
友情点: 0 / 1063020`
*連続ログイン2日目
※ログインが途切れるか、7日到達すると
1日目から再開されます*
`聖晶石 X 1
4月交換券(2024) X 1
`*魔法使いの夜×Fate/Grand Orderコラボレーションイベント
開幕直前特別ログインボーナス*
*開催期間中、1日1回 最大7回 ログインボーナスをプレゼント！*
`聖晶石 X 1
`_2024-04-20 19:32:32_
--------
