【登录信息】
*d7ad223a94b1cdb31734ad5fb25df4bd*
`登陆天数: 276天 / 1580天
等级: 144
石头: 10
呼符: 1
体力: 132.29 / 141
友情点: 100 / 13005`
*連続ログイン3日目
※ログインが途切れるか、7日到達すると
1日目から再開されます*
`叡智の業火 X 1
4月交換券(2024) X 1
`*魔法使いの夜×Fate/Grand Orderコラボレーションイベント
開幕直前特別ログインボーナス*
*開催期間中、1日1回 最大7回 ログインボーナスをプレゼント！*
`聖晶石 X 1
`_2024-04-22 19:32:13_
--------
*cc35aa5e26684026f8977d0840e09eee*
`登陆天数: 11天 / 1533天
等级: 128
石头: 0
呼符: 0
体力: 7638.403333333334 / 137
友情点: 0 / 1063020`
*連続ログイン4日目
※ログインが途切れるか、7日到達すると
1日目から再開されます*
`聖晶石 X 1
4月交換券(2024) X 1
`*魔法使いの夜×Fate/Grand Orderコラボレーションイベント
開幕直前特別ログインボーナス*
*開催期間中、1日1回 最大7回 ログインボーナスをプレゼント！*
`英霊結晶・太陽のフォウくん X 5
`_2024-04-22 19:32:21_
--------
