【登录信息】
*d7ad223a94b1cdb31734ad5fb25df4bd*
`登陆天数: 194天 / 1498天
等级: 142
石头: 1
呼符: 0
体力: 77.47333333333333 / 140
友情点: 50 / 325`
*連続ログイン5日目
※ログインが途切れるか、7日到達すると
1日目から再開されます*
`叡智の業火 X 2
2月交換券(2024) X 1
`*「Fate/stay night」20周年記念
7万リポスト達成プレゼント*
*開催期間中、初回ログインで「聖晶石×20」をプレゼント！*
`聖晶石 X 20
`_2024-01-31 19:36:49_
--------
*cc35aa5e26684026f8977d0840e09eee*
`登陆天数: 23天 / 1506天
等级: 128
石头: 8
呼符: 0
体力: 6758.93 / 137
友情点: 0 / 1045020`
*連続ログイン2日目
※ログインが途切れるか、7日到達すると
1日目から再開されます*
`聖晶石 X 1
2月交換券(2024) X 1
`*「Fate/stay night」20周年記念
7万リポスト達成プレゼント*
*開催期間中、初回ログインで「聖晶石×20」をプレゼント！*
`聖晶石 X 20
`_2024-01-31 19:36:58_
--------
