【登录信息】
*d7ad223a94b1cdb31734ad5fb25df4bd*
`登陆天数: 195天 / 1499天
等级: 142
石头: 32
呼符: 0
体力: 63.50666666666666 / 140
友情点: 50 / 980`
*連続ログイン6日目
※ログインが途切れるか、7日到達すると
1日目から再開されます*
`聖晶石 X 2
2月交換券(2024) X 1
`*日替りログインボーナス*
*開催期間中、1日1回 2週間日替りでログインボーナスをプレゼント！*
`聖晶石 X 1
巡霊の葉 X 50
`_2024-02-01 19:36:56_
--------
*cc35aa5e26684026f8977d0840e09eee*
`登陆天数: 24天 / 1507天
等级: 128
石头: 8
呼符: 0
体力: 7046.953333333333 / 137
友情点: 0 / 1045020`
*連続ログイン3日目
※ログインが途切れるか、7日到達すると
1日目から再開されます*
`叡智の業火 X 1
2月交換券(2024) X 1
`*日替りログインボーナス*
*開催期間中、1日1回 2週間日替りでログインボーナスをプレゼント！*
`聖晶石 X 1
巡霊の葉 X 50
`_2024-02-01 19:37:05_
--------
