【登录信息】
*d7ad223a94b1cdb31734ad5fb25df4bd*
`登陆天数: 196天 / 1500天
等级: 142
石头: 55
呼符: 0
体力: 68.36333333333333 / 140
友情点: 215 / 1300`
*連続ログイン7日間到達おめでとうございます！
明日は1日目からリスタートされます。*
`獣の足跡 X 1
呼符 X 1
2月交換券(2024) X 1
`*日替りログインボーナス*
*開催期間中、1日1回 2週間日替りでログインボーナスをプレゼント！*
`巡霊の葉 X 30
`_2024-02-02 19:36:57_
--------
*cc35aa5e26684026f8977d0840e09eee*
`登陆天数: 25天 / 1508天
等级: 128
石头: 8
呼符: 0
体力: 7334.953333333333 / 137
友情点: 0 / 1045020`
*連続ログイン4日目
※ログインが途切れるか、7日到達すると
1日目から再開されます*
`聖晶石 X 1
2月交換券(2024) X 1
`*日替りログインボーナス*
*開催期間中、1日1回 2週間日替りでログインボーナスをプレゼント！*
`巡霊の葉 X 30
`_2024-02-02 19:37:05_
--------
