【登录信息】
*d7ad223a94b1cdb31734ad5fb25df4bd*
`登陆天数: 197天 / 1501天
等级: 142
石头: 85
呼符: 1
体力: 75.94333333333333 / 140
友情点: 85 / 2025`
*連続ログイン1日目
※ログインが途切れるか、7日到達すると
1日目から再開されます*
`フレンドポイント X 2000
2月交換券(2024) X 1
`*日替りログインボーナス*
*開催期間中、1日1回 2週間日替りでログインボーナスをプレゼント！*
`巡霊の葉 X 30
`_2024-02-03 19:36:41_
--------
*cc35aa5e26684026f8977d0840e09eee*
`登陆天数: 26天 / 1509天
等级: 128
石头: 8
呼符: 0
体力: 7622.9 / 137
友情点: 0 / 1045020`
*連続ログイン5日目
※ログインが途切れるか、7日到達すると
1日目から再開されます*
`叡智の業火 X 2
2月交換券(2024) X 1
`*日替りログインボーナス*
*開催期間中、1日1回 2週間日替りでログインボーナスをプレゼント！*
`巡霊の葉 X 30
`_2024-02-03 19:36:50_
--------
