【登录信息】
*d7ad223a94b1cdb31734ad5fb25df4bd*
`登陆天数: 198天 / 1502天
等级: 143
石头: 28
呼符: 0
体力: 93.55 / 141
友情点: 230 / 4745`
*連続ログイン2日目
※ログインが途切れるか、7日到達すると
1日目から再開されます*
`聖晶石 X 1
2月交換券(2024) X 1
`*日替りログインボーナス*
*開催期間中、1日1回 2週間日替りでログインボーナスをプレゼント！*
`聖晶石 X 1
巡霊の葉 X 80
`_2024-02-04 19:36:50_
--------
*cc35aa5e26684026f8977d0840e09eee*
`登陆天数: 27天 / 1510天
等级: 128
石头: 8
呼符: 0
体力: 7910.933333333333 / 137
友情点: 0 / 1045020`
*連続ログイン6日目
※ログインが途切れるか、7日到達すると
1日目から再開されます*
`聖晶石 X 2
2月交換券(2024) X 1
`*日替りログインボーナス*
*開催期間中、1日1回 2週間日替りでログインボーナスをプレゼント！*
`聖晶石 X 1
巡霊の葉 X 80
`_2024-02-04 19:36:59_
--------
