【登录信息】
*d7ad223a94b1cdb31734ad5fb25df4bd*
`登陆天数: 199天 / 1503天
等级: 143
石头: 20
呼符: 0
体力: 105.56333333333333 / 141
友情点: 55 / 5470`
*連続ログイン3日目
※ログインが途切れるか、7日到達すると
1日目から再開されます*
`叡智の業火 X 1
2月交換券(2024) X 1
`*日替りログインボーナス*
*開催期間中、1日1回 2週間日替りでログインボーナスをプレゼント！*
`巡霊の葉 X 30
`_2024-02-05 19:36:52_
--------
*cc35aa5e26684026f8977d0840e09eee*
`登陆天数: 28天 / 1511天
等级: 128
石头: 8
呼符: 0
体力: 8198.939999999999 / 137
友情点: 0 / 1045020`
*連続ログイン7日間到達おめでとうございます！
明日は1日目からリスタートされます。*
`獣の足跡 X 1
呼符 X 1
2月交換券(2024) X 1
`*「Fate/stay night」20周年記念特別ログインボーナス*
*開催期間中、1日1回 最大7回ログインボーナスをプレゼント！*
`聖晶石 X 20
`_2024-02-05 19:37:01_
--------
