【登录信息】
*d7ad223a94b1cdb31734ad5fb25df4bd*
`登陆天数: 200天 / 1504天
等级: 143
石头: 20
呼符: 0
体力: 88.58 / 141
友情点: 185 / 6300`
*連続ログイン4日目
※ログインが途切れるか、7日到達すると
1日目から再開されます*
`聖晶石 X 1
2月交換券(2024) X 1
`*日替りログインボーナス*
*開催期間中、1日1回 2週間日替りでログインボーナスをプレゼント！*
`巡霊の葉 X 30
`_2024-02-06 19:36:46_
--------
*cc35aa5e26684026f8977d0840e09eee*
`登陆天数: 29天 / 1512天
等级: 128
石头: 8
呼符: 0
体力: 8486.916666666666 / 137
友情点: 0 / 1045020`
*連続ログイン1日目
※ログインが途切れるか、7日到達すると
1日目から再開されます*
`フレンドポイント X 2000
2月交換券(2024) X 1
`*盈月剣風帖開幕記念 ログインボーナス*
*開催期間中、1日1回 最大21回ログインボーナスをプレゼント！*
`白銀の果実 X 1
`_2024-02-06 19:36:54_
--------
