【登录信息】
*d7ad223a94b1cdb31734ad5fb25df4bd*
`登陆天数: 201天 / 1505天
等级: 143
石头: 2
呼符: 0
体力: 80.83 / 141
友情点: 10 / 7605`
*連続ログイン5日目
※ログインが途切れるか、7日到達すると
1日目から再開されます*
`叡智の業火 X 2
2月交換券(2024) X 1
`*日替りログインボーナス*
*開催期間中、1日1回 2週間日替りでログインボーナスをプレゼント！*
`聖晶石 X 3
巡霊の葉 X 50
`_2024-02-07 19:36:42_
--------
*cc35aa5e26684026f8977d0840e09eee*
`登陆天数: 30天 / 1513天
等级: 128
石头: 8
呼符: 0
体力: 8774.906666666666 / 137
友情点: 0 / 1045020`
*連続ログイン2日目
※ログインが途切れるか、7日到達すると
1日目から再開されます*
`聖晶石 X 1
2月交換券(2024) X 1
`*日替りログインボーナス*
*開催期間中、1日1回 2週間日替りでログインボーナスをプレゼント！*
`聖晶石 X 3
巡霊の葉 X 50
`_2024-02-07 19:36:51_
--------
