【登录信息】
*d7ad223a94b1cdb31734ad5fb25df4bd*
`登陆天数: 202天 / 1506天
等级: 143
石头: 0
呼符: 0
体力: 82.28333333333333 / 141
友情点: 70 / 8555`
*連続ログイン6日目
※ログインが途切れるか、7日到達すると
1日目から再開されます*
`聖晶石 X 2
2月交換券(2024) X 1
`*日替りログインボーナス*
*開催期間中、1日1回 2週間日替りでログインボーナスをプレゼント！*
`聖晶石 X 1
巡霊の葉 X 50
`_2024-02-08 19:36:48_
--------
*cc35aa5e26684026f8977d0840e09eee*
`登陆天数: 31天 / 1514天
等级: 128
石头: 8
呼符: 0
体力: 9062.926666666666 / 137
友情点: 0 / 1045020`
*連続ログイン3日目
※ログインが途切れるか、7日到達すると
1日目から再開されます*
`叡智の業火 X 1
2月交換券(2024) X 1
`*日替りログインボーナス*
*開催期間中、1日1回 2週間日替りでログインボーナスをプレゼント！*
`聖晶石 X 1
巡霊の葉 X 50
`_2024-02-08 19:36:57_
--------
