【登录信息】
*d7ad223a94b1cdb31734ad5fb25df4bd*
`登陆天数: 203天 / 1507天
等级: 143
石头: 0
呼符: 0
体力: 87.65333333333334 / 141
友情点: 60 / 9220`
*連続ログイン7日間到達おめでとうございます！
明日は1日目からリスタートされます。*
`獣の足跡 X 1
呼符 X 1
2月交換券(2024) X 1
`*日替りログインボーナス*
*開催期間中、1日1回 2週間日替りでログインボーナスをプレゼント！*
`巡霊の葉 X 30
`_2024-02-09 19:37:02_
--------
*cc35aa5e26684026f8977d0840e09eee*
`登陆天数: 32天 / 1515天
等级: 128
石头: 8
呼符: 0
体力: 9350.973333333333 / 137
友情点: 0 / 1045020`
*連続ログイン4日目
※ログインが途切れるか、7日到達すると
1日目から再開されます*
`聖晶石 X 1
2月交換券(2024) X 1
`*日替りログインボーナス*
*開催期間中、1日1回 2週間日替りでログインボーナスをプレゼント！*
`巡霊の葉 X 30
`_2024-02-09 19:37:11_
--------
