【登录信息】
*d7ad223a94b1cdb31734ad5fb25df4bd*
`登陆天数: 204天 / 1508天
等级: 143
石头: 0
呼符: 0
体力: 63.63333333333334 / 141
友情点: 10 / 9975`
*連続ログイン1日目
※ログインが途切れるか、7日到達すると
1日目から再開されます*
`フレンドポイント X 2000
2月交換券(2024) X 1
`*日替りログインボーナス*
*開催期間中、1日1回 2週間日替りでログインボーナスをプレゼント！*
`巡霊の葉 X 30
`_2024-02-10 19:36:56_
--------
*cc35aa5e26684026f8977d0840e09eee*
`登陆天数: 33天 / 1516天
等级: 128
石头: 8
呼符: 0
体力: 9638.953333333333 / 137
友情点: 0 / 1045020`
*連続ログイン5日目
※ログインが途切れるか、7日到達すると
1日目から再開されます*
`叡智の業火 X 2
2月交換券(2024) X 1
`*日替りログインボーナス*
*開催期間中、1日1回 2週間日替りでログインボーナスをプレゼント！*
`巡霊の葉 X 30
`_2024-02-10 19:37:05_
--------
