【登录信息】
*d7ad223a94b1cdb31734ad5fb25df4bd*
`登陆天数: 206天 / 1510天
等级: 143
石头: 19
呼符: 0
体力: 89.44666666666666 / 141
友情点: 80 / 13910`
*連続ログイン3日目
※ログインが途切れるか、7日到達すると
1日目から再開されます*
`叡智の業火 X 1
2月交換券(2024) X 1
`*日替りログインボーナス*
*開催期間中、1日1回 2週間日替りでログインボーナスをプレゼント！*
`巡霊の葉 X 30
`_2024-02-12 19:32:10_
--------
*cc35aa5e26684026f8977d0840e09eee*
`登陆天数: 35天 / 1518天
等级: 128
石头: 8
呼符: 0
体力: 10214.0 / 137
友情点: 0 / 1045020`
*連続ログイン7日間到達おめでとうございます！
明日は1日目からリスタートされます。*
`獣の足跡 X 1
呼符 X 1
2月交換券(2024) X 1
`*日替りログインボーナス*
*開催期間中、1日1回 2週間日替りでログインボーナスをプレゼント！*
`巡霊の葉 X 30
`_2024-02-12 19:32:19_
--------
