【登录信息】
*d7ad223a94b1cdb31734ad5fb25df4bd*
`登陆天数: 207天 / 1511天
等级: 143
石头: 19
呼符: 0
体力: 77.21333333333334 / 141
友情点: 75 / 14675`
*連続ログイン4日目
※ログインが途切れるか、7日到達すると
1日目から再開されます*
`聖晶石 X 1
2月交換券(2024) X 1
`*日替りログインボーナス*
*開催期間中、1日1回 2週間日替りでログインボーナスをプレゼント！*
`巡霊の葉 X 30
`_2024-02-13 19:32:30_
--------
*cc35aa5e26684026f8977d0840e09eee*
`登陆天数: 36天 / 1519天
等级: 128
石头: 62
呼符: 10
体力: 162.06666666666666 / 137
友情点: 0 / 1055020`
*連続ログイン1日目
※ログインが途切れるか、7日到達すると
1日目から再開されます*
`フレンドポイント X 2000
2月交換券(2024) X 1
`*バレンタイン2024
開幕直前特別ログインボーナス*
*開催期間中、1日1回 最大7回ログインボーナスをプレゼント！*
`マナプリズム X 50
`_2024-02-13 19:32:38_
--------
