【登录信息】
*d7ad223a94b1cdb31734ad5fb25df4bd*
`登陆天数: 107天 / 1411天
等级: 138
石头: 54
呼符: 0
体力: 79.07333333333332 / 140
友情点: 195 / 1670`
*連続ログイン2日目
※ログインが途切れるか、7日到達すると
1日目から再開されます*
`聖晶石 X 1
11月交換券(2023) X 1
`*聖杯戦線 ～白天の城、黒夜の城～開幕記念 ログインボーナス*
*開催期間中、1日1回 最大21回ログインボーナスをプレゼント！*
`白銀の果実 X 1
`_2023-11-05 19:32:49_
--------
*cc35aa5e26684026f8977d0840e09eee*
`登陆天数: 107天 / 1424天
等级: 128
石头: 28
呼符: 4
体力: 1570.83 / 137
友情点: 0 / 1016995`
*連続ログイン2日目
※ログインが途切れるか、7日到達すると
1日目から再開されます*
`聖晶石 X 1
11月交換券(2023) X 1
`*聖杯戦線 ～白天の城、黒夜の城～開幕記念 ログインボーナス*
*開催期間中、1日1回 最大21回ログインボーナスをプレゼント！*
`白銀の果実 X 1
`_2023-11-05 19:32:58_
--------
