【登录信息】
*d7ad223a94b1cdb31734ad5fb25df4bd*
`登陆天数: 108天 / 1412天
等级: 138
石头: 55
呼符: 0
体力: 87.05333333333334 / 140
友情点: 50 / 2515`
*連続ログイン3日目
※ログインが途切れるか、7日到達すると
1日目から再開されます*
`叡智の業火 X 1
11月交換券(2023) X 1
`*聖杯戦線 ～白天の城、黒夜の城～開幕記念 ログインボーナス*
*開催期間中、1日1回 最大21回ログインボーナスをプレゼント！*
`白銀の果実 X 1
`_2023-11-06 19:32:44_
--------
*cc35aa5e26684026f8977d0840e09eee*
`登陆天数: 108天 / 1425天
等级: 128
石头: 28
呼符: 4
体力: 1858.8066666666666 / 137
友情点: 0 / 1016995`
*連続ログイン3日目
※ログインが途切れるか、7日到達すると
1日目から再開されます*
`叡智の業火 X 1
11月交換券(2023) X 1
`*聖杯戦線 ～白天の城、黒夜の城～開幕記念 ログインボーナス*
*開催期間中、1日1回 最大21回ログインボーナスをプレゼント！*
`白銀の果実 X 1
`_2023-11-06 19:32:52_
--------
