【登录信息】
*d7ad223a94b1cdb31734ad5fb25df4bd*
`登陆天数: 110天 / 1414天
等级: 138
石头: 56
呼符: 0
体力: 87.18 / 140
友情点: 160 / 8020`
*連続ログイン5日目
※ログインが途切れるか、7日到達すると
1日目から再開されます*
`叡智の業火 X 2
11月交換券(2023) X 1
`*聖杯戦線 ～白天の城、黒夜の城～開幕記念 ログインボーナス*
*開催期間中、1日1回 最大21回ログインボーナスをプレゼント！*
`白銀の果実 X 1
`_2023-11-08 19:32:31_
--------
*cc35aa5e26684026f8977d0840e09eee*
`登陆天数: 110天 / 1427天
等级: 128
石头: 28
呼符: 4
体力: 2434.77 / 137
友情点: 0 / 1016995`
*連続ログイン5日目
※ログインが途切れるか、7日到達すると
1日目から再開されます*
`叡智の業火 X 2
11月交換券(2023) X 1
`*聖杯戦線 ～白天の城、黒夜の城～開幕記念 ログインボーナス*
*開催期間中、1日1回 最大21回ログインボーナスをプレゼント！*
`黄金の果実 X 1
`_2023-11-08 19:32:40_
--------
