【登录信息】
*d7ad223a94b1cdb31734ad5fb25df4bd*
`登陆天数: 112天 / 1416天
等级: 139
石头: 62
呼符: 0
体力: 82.17333333333333 / 140
友情点: 245 / 14750`
*連続ログイン7日間到達おめでとうございます！
明日は1日目からリスタートされます。*
`獣の足跡 X 1
呼符 X 1
11月交換券(2023) X 1
`*聖杯戦線 ～白天の城、黒夜の城～開幕記念 ログインボーナス*
*開催期間中、1日1回 最大21回ログインボーナスをプレゼント！*
`白銀の果実 X 1
`_2023-11-10 19:32:50_
--------
*cc35aa5e26684026f8977d0840e09eee*
`登陆天数: 112天 / 1429天
等级: 128
石头: 28
呼符: 4
体力: 3010.83 / 137
友情点: 0 / 1016995`
*連続ログイン7日間到達おめでとうございます！
明日は1日目からリスタートされます。*
`獣の足跡 X 1
呼符 X 1
11月交換券(2023) X 1
`*聖杯戦線 ～白天の城、黒夜の城～開幕記念 ログインボーナス*
*開催期間中、1日1回 最大21回ログインボーナスをプレゼント！*
`白銀の果実 X 1
`_2023-11-10 19:32:58_
--------
