【登录信息】
*d7ad223a94b1cdb31734ad5fb25df4bd*
`登陆天数: 116天 / 1420天
等级: 139
石头: 97
呼符: 1
体力: 94.64 / 140
友情点: 10 / 25695`
*連続ログイン4日目
※ログインが途切れるか、7日到達すると
1日目から再開されます*
`聖晶石 X 1
11月交換券(2023) X 1
`_2023-11-14 19:36:00_
--------
*cc35aa5e26684026f8977d0840e09eee*
`登陆天数: 116天 / 1433天
等级: 128
石头: 28
呼符: 4
体力: 4163.463333333333 / 137
友情点: 0 / 1016995`
*連続ログイン4日目
※ログインが途切れるか、7日到達すると
1日目から再開されます*
`聖晶石 X 1
11月交換券(2023) X 1
`*聖杯戦線 ～白天の城、黒夜の城～開幕記念 ログインボーナス*
*開催期間中、1日1回 最大21回ログインボーナスをプレゼント！*
`白銀の果実 X 1
`_2023-11-14 19:36:09_
--------
