【登录信息】
*d7ad223a94b1cdb31734ad5fb25df4bd*
`登陆天数: 119天 / 1423天
等级: 139
石头: 0
呼符: 0
体力: 85.51666666666667 / 140
友情点: 85 / 34225`
*連続ログイン7日間到達おめでとうございます！
明日は1日目からリスタートされます。*
`獣の足跡 X 1
呼符 X 1
11月交換券(2023) X 1
`*2900万DL突破記念 特別回数ログインボーナス*
*開催期間中、1日1回 最大10回 回数ログインボーナスをプレゼント！*
`白銀の果実 X 10
`_2023-11-17 19:32:44_
--------
*cc35aa5e26684026f8977d0840e09eee*
`登陆天数: 119天 / 1436天
等级: 128
石头: 1
呼符: 0
体力: 716.08 / 137
友情点: 0 / 1020995`
*連続ログイン7日間到達おめでとうございます！
明日は1日目からリスタートされます。*
`獣の足跡 X 1
呼符 X 1
11月交換券(2023) X 1
`*2900万DL突破記念 特別回数ログインボーナス*
*開催期間中、1日1回 最大10回 回数ログインボーナスをプレゼント！*
`白銀の果実 X 10
`_2023-11-17 19:32:53_
--------
