【登录信息】
*d7ad223a94b1cdb31734ad5fb25df4bd*
`登陆天数: 120天 / 1424天
等级: 139
石头: 1
呼符: 0
体力: 76.50666666666666 / 140
友情点: 40 / 37550`
*連続ログイン1日目
※ログインが途切れるか、7日到達すると
1日目から再開されます*
`フレンドポイント X 2000
11月交換券(2023) X 1
`*2900万DL突破記念 特別回数ログインボーナス*
*開催期間中、1日1回 最大10回 回数ログインボーナスをプレゼント！*
`マナプリズム X 100
黄金の果実 X 10
`_2023-11-18 19:32:41_
--------
*cc35aa5e26684026f8977d0840e09eee*
`登陆天数: 120天 / 1437天
等级: 128
石头: 2
呼符: 0
体力: 217.40333333333334 / 137
友情点: 0 / 1020995`
*連続ログイン1日目
※ログインが途切れるか、7日到達すると
1日目から再開されます*
`フレンドポイント X 2000
11月交換券(2023) X 1
`*2900万DL突破記念 特別回数ログインボーナス*
*開催期間中、1日1回 最大10回 回数ログインボーナスをプレゼント！*
`マナプリズム X 100
黄金の果実 X 10
`_2023-11-18 19:32:49_
--------
