【登录信息】
*d7ad223a94b1cdb31734ad5fb25df4bd*
`登陆天数: 121天 / 1425天
等级: 139
石头: 4
呼符: 0
体力: 68.49 / 140
友情点: 130 / 42890`
*連続ログイン2日目
※ログインが途切れるか、7日到達すると
1日目から再開されます*
`聖晶石 X 1
11月交換券(2023) X 1
`*2900万DL突破記念 特別回数ログインボーナス*
*開催期間中、1日1回 最大10回 回数ログインボーナスをプレゼント！*
`QP X 10000000
`_2023-11-19 19:32:36_
--------
*cc35aa5e26684026f8977d0840e09eee*
`登陆天数: 121天 / 1438天
等级: 128
石头: 2
呼符: 0
体力: 505.39 / 137
友情点: 0 / 1020995`
*連続ログイン2日目
※ログインが途切れるか、7日到達すると
1日目から再開されます*
`聖晶石 X 1
11月交換券(2023) X 1
`*2900万DL突破記念 特別回数ログインボーナス*
*開催期間中、1日1回 最大10回 回数ログインボーナスをプレゼント！*
`QP X 10000000
`_2023-11-19 19:32:45_
--------
