【登录信息】
*d7ad223a94b1cdb31734ad5fb25df4bd*
`登陆天数: 122天 / 1426天
等级: 139
石头: 5
呼符: 0
体力: 136.56333333333333 / 140
友情点: 30 / 43905`
*連続ログイン3日目
※ログインが途切れるか、7日到達すると
1日目から再開されます*
`叡智の業火 X 1
11月交換券(2023) X 1
`*2900万DL突破記念 特別回数ログインボーナス*
*開催期間中、1日1回 最大10回 回数ログインボーナスをプレゼント！*
`叡智の業火 X 10
`_2023-11-20 19:32:58_
--------
*cc35aa5e26684026f8977d0840e09eee*
`登陆天数: 122天 / 1439天
等级: 128
石头: 2
呼符: 0
体力: 793.46 / 137
友情点: 0 / 1020995`
*連続ログイン3日目
※ログインが途切れるか、7日到達すると
1日目から再開されます*
`叡智の業火 X 1
11月交換券(2023) X 1
`*2900万DL突破記念 特別回数ログインボーナス*
*開催期間中、1日1回 最大10回 回数ログインボーナスをプレゼント！*
`叡智の業火 X 10
`_2023-11-20 19:33:06_
--------
