【登录信息】
*d7ad223a94b1cdb31734ad5fb25df4bd*
`登陆天数: 123天 / 1427天
等级: 139
石头: 5
呼符: 0
体力: 67.47 / 140
友情点: 50 / 45130`
*連続ログイン4日目
※ログインが途切れるか、7日到達すると
1日目から再開されます*
`聖晶石 X 1
11月交換券(2023) X 1
`*2900万DL突破記念 特別回数ログインボーナス*
*開催期間中、1日1回 最大10回 回数ログインボーナスをプレゼント！*
`英霊結晶・星のフォウくん X 10
英霊結晶・太陽のフォウくん X 10
`_2023-11-21 19:32:38_
--------
*cc35aa5e26684026f8977d0840e09eee*
`登陆天数: 123天 / 1440天
等级: 128
石头: 2
呼符: 0
体力: 1081.3933333333334 / 137
友情点: 0 / 1020995`
*連続ログイン4日目
※ログインが途切れるか、7日到達すると
1日目から再開されます*
`聖晶石 X 1
11月交換券(2023) X 1
`*2900万DL突破記念 特別回数ログインボーナス*
*開催期間中、1日1回 最大10回 回数ログインボーナスをプレゼント！*
`英霊結晶・星のフォウくん X 10
英霊結晶・太陽のフォウくん X 10
`_2023-11-21 19:32:46_
--------
