【登录信息】
*d7ad223a94b1cdb31734ad5fb25df4bd*
`登陆天数: 125天 / 1429天
等级: 139
石头: 22
呼符: 0
体力: 111.53666666666666 / 140
友情点: 60 / 48750`
*連続ログイン6日目
※ログインが途切れるか、7日到達すると
1日目から再開されます*
`聖晶石 X 2
11月交換券(2023) X 1
`*日替りログインボーナス*
*開催期間中、1日1回 2週間日替りでログインボーナスをプレゼント！*
`巡霊の葉 X 30
`_2023-11-23 19:32:58_
--------
*cc35aa5e26684026f8977d0840e09eee*
`登陆天数: 125天 / 1442天
等级: 128
石头: 2
呼符: 0
体力: 1657.4633333333334 / 137
友情点: 0 / 1020995`
*連続ログイン6日目
※ログインが途切れるか、7日到達すると
1日目から再開されます*
`聖晶石 X 2
11月交換券(2023) X 1
`*日替りログインボーナス*
*開催期間中、1日1回 2週間日替りでログインボーナスをプレゼント！*
`巡霊の葉 X 30
`_2023-11-23 19:33:07_
--------
