【登录信息】
*d7ad223a94b1cdb31734ad5fb25df4bd*
`登陆天数: 126天 / 1430天
等级: 139
石头: 0
呼符: 0
体力: 145.84666666666666 / 140
友情点: 285 / 50010`
*連続ログイン7日間到達おめでとうございます！
明日は1日目からリスタートされます。*
`獣の足跡 X 1
呼符 X 1
11月交換券(2023) X 1
`*日替りログインボーナス*
*開催期間中、1日1回 2週間日替りでログインボーナスをプレゼント！*
`聖晶石 X 2
巡霊の葉 X 100
`_2023-11-24 19:32:40_
--------
*cc35aa5e26684026f8977d0840e09eee*
`登陆天数: 126天 / 1443天
等级: 128
石头: 2
呼符: 0
体力: 1945.4033333333334 / 137
友情点: 0 / 1020995`
*連続ログイン7日間到達おめでとうございます！
明日は1日目からリスタートされます。*
`獣の足跡 X 1
呼符 X 1
11月交換券(2023) X 1
`*日替りログインボーナス*
*開催期間中、1日1回 2週間日替りでログインボーナスをプレゼント！*
`聖晶石 X 2
巡霊の葉 X 100
`_2023-11-24 19:32:49_
--------
