【登录信息】
*d7ad223a94b1cdb31734ad5fb25df4bd*
`登陆天数: 127天 / 1431天
等级: 139
石头: 4
呼符: 1
体力: 57.156666666666666 / 140
友情点: 60 / 51335`
*連続ログイン1日目
※ログインが途切れるか、7日到達すると
1日目から再開されます*
`フレンドポイント X 2000
11月交換券(2023) X 1
`*日替りログインボーナス*
*開催期間中、1日1回 2週間日替りでログインボーナスをプレゼント！*
`巡霊の葉 X 30
`_2023-11-25 19:32:34_
--------
*cc35aa5e26684026f8977d0840e09eee*
`登陆天数: 127天 / 1444天
等级: 128
石头: 2
呼符: 0
体力: 2233.38 / 137
友情点: 0 / 1020995`
*連続ログイン1日目
※ログインが途切れるか、7日到達すると
1日目から再開されます*
`フレンドポイント X 2000
11月交換券(2023) X 1
`*日替りログインボーナス*
*開催期間中、1日1回 2週間日替りでログインボーナスをプレゼント！*
`巡霊の葉 X 30
`_2023-11-25 19:32:42_
--------
