【登录信息】
*d7ad223a94b1cdb31734ad5fb25df4bd*
`登陆天数: 128天 / 1432天
等级: 139
石头: 4
呼符: 1
体力: 85.21000000000001 / 140
友情点: 125 / 54955`
*連続ログイン2日目
※ログインが途切れるか、7日到達すると
1日目から再開されます*
`聖晶石 X 1
11月交換券(2023) X 1
`*日替りログインボーナス*
*開催期間中、1日1回 2週間日替りでログインボーナスをプレゼント！*
`巡霊の葉 X 30
`_2023-11-26 19:32:50_
--------
*cc35aa5e26684026f8977d0840e09eee*
`登陆天数: 128天 / 1445天
等级: 128
石头: 2
呼符: 0
体力: 2521.4333333333334 / 137
友情点: 0 / 1020995`
*連続ログイン2日目
※ログインが途切れるか、7日到達すると
1日目から再開されます*
`聖晶石 X 1
11月交換券(2023) X 1
`*日替りログインボーナス*
*開催期間中、1日1回 2週間日替りでログインボーナスをプレゼント！*
`巡霊の葉 X 30
`_2023-11-26 19:32:58_
--------
