【登录信息】
*d7ad223a94b1cdb31734ad5fb25df4bd*
`登陆天数: 129天 / 1433天
等级: 139
石头: 35
呼符: 1
体力: 73.16333333333333 / 140
友情点: 275 / 56435`
*連続ログイン3日目
※ログインが途切れるか、7日到達すると
1日目から再開されます*
`叡智の業火 X 1
11月交換券(2023) X 1
`*日替りログインボーナス*
*開催期間中、1日1回 2週間日替りでログインボーナスをプレゼント！*
`巡霊の葉 X 30
`_2023-11-27 19:32:36_
--------
*cc35aa5e26684026f8977d0840e09eee*
`登陆天数: 129天 / 1446天
等级: 128
石头: 2
呼符: 0
体力: 2809.39 / 137
友情点: 0 / 1020995`
*連続ログイン3日目
※ログインが途切れるか、7日到達すると
1日目から再開されます*
`叡智の業火 X 1
11月交換券(2023) X 1
`*日替りログインボーナス*
*開催期間中、1日1回 2週間日替りでログインボーナスをプレゼント！*
`巡霊の葉 X 30
`_2023-11-27 19:32:45_
--------
