【登录信息】
*d7ad223a94b1cdb31734ad5fb25df4bd*
`登陆天数: 130天 / 1434天
等级: 139
石头: 7
呼符: 0
体力: 61.22333333333333 / 140
友情点: 50 / 58415`
*連続ログイン4日目
※ログインが途切れるか、7日到達すると
1日目から再開されます*
`聖晶石 X 1
11月交換券(2023) X 1
`*日替りログインボーナス*
*開催期間中、1日1回 2週間日替りでログインボーナスをプレゼント！*
`聖晶石 X 3
巡霊の葉 X 50
`_2023-11-28 19:32:54_
--------
*cc35aa5e26684026f8977d0840e09eee*
`登陆天数: 130天 / 1447天
等级: 128
石头: 2
呼符: 0
体力: 3097.45 / 137
友情点: 0 / 1020995`
*連続ログイン4日目
※ログインが途切れるか、7日到達すると
1日目から再開されます*
`聖晶石 X 1
11月交換券(2023) X 1
`*日替りログインボーナス*
*開催期間中、1日1回 2週間日替りでログインボーナスをプレゼント！*
`聖晶石 X 3
巡霊の葉 X 50
`_2023-11-28 19:33:03_
--------
