【登录信息】
*d7ad223a94b1cdb31734ad5fb25df4bd*
`登陆天数: 132天 / 1436天
等级: 139
石头: 8
呼符: 0
体力: 80.68666666666667 / 140
友情点: 50 / 1835`
*連続ログイン6日目
※ログインが途切れるか、7日到達すると
1日目から再開されます*
`聖晶石 X 2
12月交換券(2023) X 1
`*日替りログインボーナス*
*開催期間中、1日1回 2週間日替りでログインボーナスをプレゼント！*
`巡霊の葉 X 30
`_2023-11-30 19:32:41_
--------
*cc35aa5e26684026f8977d0840e09eee*
`登陆天数: 132天 / 1449天
等级: 128
石头: 2
呼符: 0
体力: 3673.403333333333 / 137
友情点: 0 / 1020995`
*連続ログイン6日目
※ログインが途切れるか、7日到達すると
1日目から再開されます*
`聖晶石 X 2
12月交換券(2023) X 1
`*日替りログインボーナス*
*開催期間中、1日1回 2週間日替りでログインボーナスをプレゼント！*
`巡霊の葉 X 30
`_2023-11-30 19:32:50_
--------
