【登录信息】
*d7ad223a94b1cdb31734ad5fb25df4bd*
`登陆天数: 133天 / 1437天
等级: 139
石头: 11
呼符: 0
体力: 80.05666666666667 / 140
友情点: 0 / 960`
*連続ログイン7日間到達おめでとうございます！
明日は1日目からリスタートされます。*
`獣の足跡 X 1
呼符 X 1
12月交換券(2023) X 1
`*日替りログインボーナス*
*開催期間中、1日1回 2週間日替りでログインボーナスをプレゼント！*
`聖晶石 X 2
巡霊の葉 X 100
`_2023-12-01 19:32:35_
--------
*cc35aa5e26684026f8977d0840e09eee*
`登陆天数: 133天 / 1450天
等级: 128
石头: 2
呼符: 0
体力: 3961.383333333333 / 137
友情点: 0 / 1020995`
*連続ログイン7日間到達おめでとうございます！
明日は1日目からリスタートされます。*
`獣の足跡 X 1
呼符 X 1
12月交換券(2023) X 1
`*日替りログインボーナス*
*開催期間中、1日1回 2週間日替りでログインボーナスをプレゼント！*
`聖晶石 X 2
巡霊の葉 X 100
`_2023-12-01 19:32:44_
--------
