【登录信息】
*d7ad223a94b1cdb31734ad5fb25df4bd*
`登陆天数: 134天 / 1438天
等级: 139
石头: 16
呼符: 0
体力: 80.05666666666667 / 140
友情点: 50 / 1610`
*連続ログイン1日目
※ログインが途切れるか、7日到達すると
1日目から再開されます*
`フレンドポイント X 2000
12月交換券(2023) X 1
`*日替りログインボーナス*
*開催期間中、1日1回 2週間日替りでログインボーナスをプレゼント！*
`巡霊の葉 X 30
`_2023-12-02 19:32:41_
--------
*cc35aa5e26684026f8977d0840e09eee*
`登陆天数: 134天 / 1451天
等级: 128
石头: 2
呼符: 0
体力: 4249.406666666667 / 137
友情点: 0 / 1020995`
*連続ログイン1日目
※ログインが途切れるか、7日到達すると
1日目から再開されます*
`フレンドポイント X 2000
12月交換券(2023) X 1
`*日替りログインボーナス*
*開催期間中、1日1回 2週間日替りでログインボーナスをプレゼント！*
`巡霊の葉 X 30
`_2023-12-02 19:32:50_
--------
