【登录信息】
*d7ad223a94b1cdb31734ad5fb25df4bd*
`登陆天数: 135天 / 1439天
等级: 140
石头: 52
呼符: 0
体力: 91.08 / 140
友情点: 35 / 7795`
*連続ログイン2日目
※ログインが途切れるか、7日到達すると
1日目から再開されます*
`聖晶石 X 1
12月交換券(2023) X 1
`*日替りログインボーナス*
*開催期間中、1日1回 2週間日替りでログインボーナスをプレゼント！*
`巡霊の葉 X 30
`_2023-12-03 19:32:38_
--------
*cc35aa5e26684026f8977d0840e09eee*
`登陆天数: 135天 / 1452天
等级: 128
石头: 2
呼符: 0
体力: 4537.393333333333 / 137
友情点: 0 / 1020995`
*連続ログイン2日目
※ログインが途切れるか、7日到達すると
1日目から再開されます*
`聖晶石 X 1
12月交換券(2023) X 1
`*日替りログインボーナス*
*開催期間中、1日1回 2週間日替りでログインボーナスをプレゼント！*
`巡霊の葉 X 30
`_2023-12-03 19:32:46_
--------
