【登录信息】
*d7ad223a94b1cdb31734ad5fb25df4bd*
`登陆天数: 136天 / 1440天
等级: 140
石头: 50
呼符: 0
体力: 98.16333333333333 / 140
友情点: 60 / 475`
*連続ログイン3日目
※ログインが途切れるか、7日到達すると
1日目から再開されます*
`叡智の業火 X 1
12月交換券(2023) X 1
`*日替りログインボーナス*
*開催期間中、1日1回 2週間日替りでログインボーナスをプレゼント！*
`巡霊の葉 X 30
`_2023-12-04 19:32:55_
--------
*cc35aa5e26684026f8977d0840e09eee*
`登陆天数: 136天 / 1453天
等级: 128
石头: 2
呼符: 0
体力: 4825.45 / 137
友情点: 0 / 1020995`
*連続ログイン3日目
※ログインが途切れるか、7日到達すると
1日目から再開されます*
`叡智の業火 X 1
12月交換券(2023) X 1
`*日替りログインボーナス*
*開催期間中、1日1回 2週間日替りでログインボーナスをプレゼント！*
`巡霊の葉 X 30
`_2023-12-04 19:33:04_
--------
