【登录信息】
*d7ad223a94b1cdb31734ad5fb25df4bd*
`登陆天数: 137天 / 1441天
等级: 140
石头: 50
呼符: 0
体力: 119.99 / 140
友情点: 20 / 705`
*連続ログイン4日目
※ログインが途切れるか、7日到達すると
1日目から再開されます*
`聖晶石 X 1
12月交換券(2023) X 1
`*日替りログインボーナス*
*開催期間中、1日1回 2週間日替りでログインボーナスをプレゼント！*
`聖晶石 X 3
巡霊の葉 X 50
`_2023-12-05 19:33:04_
--------
*cc35aa5e26684026f8977d0840e09eee*
`登陆天数: 137天 / 1454天
等级: 128
石头: 2
呼符: 0
体力: 5113.483333333334 / 137
友情点: 0 / 1020995`
*連続ログイン4日目
※ログインが途切れるか、7日到達すると
1日目から再開されます*
`聖晶石 X 1
12月交換券(2023) X 1
`*日替りログインボーナス*
*開催期間中、1日1回 2週間日替りでログインボーナスをプレゼント！*
`聖晶石 X 3
巡霊の葉 X 50
`_2023-12-05 19:33:13_
--------
