【登录信息】
*d7ad223a94b1cdb31734ad5fb25df4bd*
`登陆天数: 138天 / 1442天
等级: 140
石头: 24
呼符: 0
体力: 86.40666666666667 / 140
友情点: 30 / 660`
*連続ログイン5日目
※ログインが途切れるか、7日到達すると
1日目から再開されます*
`叡智の業火 X 2
12月交換券(2023) X 1
`*激走！川中島24時 ぐだぐだ超五稜郭 殺しのサインはM51
開幕記念 ログインボーナス*
*開催期間中、1日1回 最大21回ログインボーナスをプレゼント！*
`白銀の果実 X 1
`_2023-12-06 19:32:44_
--------
*cc35aa5e26684026f8977d0840e09eee*
`登陆天数: 138天 / 1455天
等级: 128
石头: 2
呼符: 0
体力: 5401.413333333333 / 137
友情点: 0 / 1020995`
*連続ログイン5日目
※ログインが途切れるか、7日到達すると
1日目から再開されます*
`叡智の業火 X 2
12月交換券(2023) X 1
`*激走！川中島24時 ぐだぐだ超五稜郭 殺しのサインはM51
開幕記念 ログインボーナス*
*開催期間中、1日1回 最大21回ログインボーナスをプレゼント！*
`黄金の果実 X 1
`_2023-12-06 19:32:52_
--------
