【登录信息】
*d7ad223a94b1cdb31734ad5fb25df4bd*
`登陆天数: 144天 / 1448天
等级: 140
石头: 2
呼符: 0
体力: 96.22666666666666 / 140
友情点: 65 / 840`
*連続ログイン4日目
※ログインが途切れるか、7日到達すると
1日目から再開されます*
`聖晶石 X 1
12月交換券(2023) X 1
`*激走！川中島24時 ぐだぐだ超五稜郭 殺しのサインはM51
開幕記念 ログインボーナス*
*開催期間中、1日1回 最大21回ログインボーナスをプレゼント！*
`黄金の果実 X 1
`_2023-12-12 19:36:58_
--------
*cc35aa5e26684026f8977d0840e09eee*
`登陆天数: 2天 / 1457天
等级: 128
石头: 11
呼符: 0
体力: 7130.263333333333 / 137
友情点: 0 / 1026995`
*連続ログイン2日目
※ログインが途切れるか、7日到達すると
1日目から再開されます*
`聖晶石 X 1
12月交換券(2023) X 1
`*激走！川中島24時 ぐだぐだ超五稜郭 殺しのサインはM51
開幕記念 ログインボーナス*
*開催期間中、1日1回 最大21回ログインボーナスをプレゼント！*
`白銀の果実 X 1
`_2023-12-12 19:37:07_
--------
