【登录信息】
*d7ad223a94b1cdb31734ad5fb25df4bd*
`登陆天数: 149天 / 1453天
等级: 140
石头: 21
呼符: 0
体力: 96.55 / 140
友情点: 285 / 7555`
*連続ログイン2日目
※ログインが途切れるか、7日到達すると
1日目から再開されます*
`聖晶石 X 1
12月交換券(2023) X 1
`*激走！川中島24時 ぐだぐだ超五稜郭 殺しのサインはM51
開幕記念 ログインボーナス*
*開催期間中、1日1回 最大21回ログインボーナスをプレゼント！*
`白銀の果実 X 1
`_2023-12-17 19:36:38_
--------
*cc35aa5e26684026f8977d0840e09eee*
`登陆天数: 7天 / 1462天
等级: 128
石头: 11
呼符: 0
体力: 8570.196666666667 / 137
友情点: 0 / 1026995`
*連続ログイン7日間到達おめでとうございます！
明日は1日目からリスタートされます。*
`獣の足跡 X 1
呼符 X 1
12月交換券(2023) X 1
`*激走！川中島24時 ぐだぐだ超五稜郭 殺しのサインはM51
開幕記念 ログインボーナス*
*開催期間中、1日1回 最大21回ログインボーナスをプレゼント！*
`黄金の果実 X 1
`_2023-12-17 19:36:47_
--------
