【登录信息】
*d7ad223a94b1cdb31734ad5fb25df4bd*
`登陆天数: 150天 / 1454天
等级: 140
石头: 36
呼符: 0
体力: 79.72 / 140
友情点: 85 / 8730`
*連続ログイン3日目
※ログインが途切れるか、7日到達すると
1日目から再開されます*
`叡智の業火 X 1
12月交換券(2023) X 1
`*激走！川中島24時 ぐだぐだ超五稜郭 殺しのサインはM51
開幕記念 ログインボーナス*
*開催期間中、1日1回 最大21回ログインボーナスをプレゼント！*
`白銀の果実 X 1
`_2023-12-18 19:36:42_
--------
*cc35aa5e26684026f8977d0840e09eee*
`登陆天数: 8天 / 1463天
等级: 128
石头: 11
呼符: 0
体力: 8858.206666666667 / 137
友情点: 0 / 1026995`
*連続ログイン1日目
※ログインが途切れるか、7日到達すると
1日目から再開されます*
`フレンドポイント X 2000
12月交換券(2023) X 1
`*激走！川中島24時 ぐだぐだ超五稜郭 殺しのサインはM51
開幕記念 ログインボーナス*
*開催期間中、1日1回 最大21回ログインボーナスをプレゼント！*
`白銀の果実 X 1
`_2023-12-18 19:36:50_
--------
