【登录信息】
*d7ad223a94b1cdb31734ad5fb25df4bd*
`登陆天数: 152天 / 1456天
等级: 140
石头: 15
呼符: 0
体力: 89.47666666666666 / 140
友情点: 35 / 36805`
*連続ログイン5日目
※ログインが途切れるか、7日到達すると
1日目から再開されます*
`叡智の業火 X 2
12月交換券(2023) X 1
`*雪原のメリー・クリスマス2023 ～7days / 8years Snow Carol～開幕記念 ログインボーナス*
*開催期間中、1日1回 最大10回ログインボーナスをプレゼント！*
`白銀の果実 X 1
`_2023-12-20 19:36:58_
--------
*cc35aa5e26684026f8977d0840e09eee*
`登陆天数: 10天 / 1465天
等级: 128
石头: 11
呼符: 0
体力: 9434.26 / 137
友情点: 0 / 1026995`
*連続ログイン3日目
※ログインが途切れるか、7日到達すると
1日目から再開されます*
`叡智の業火 X 1
12月交換券(2023) X 1
`*雪原のメリー・クリスマス2023 ～7days / 8years Snow Carol～開幕記念 ログインボーナス*
*開催期間中、1日1回 最大10回ログインボーナスをプレゼント！*
`黄金の果実 X 1
`_2023-12-20 19:37:06_
--------
