【登录信息】
*d7ad223a94b1cdb31734ad5fb25df4bd*
`登陆天数: 153天 / 1457天
等级: 140
石头: 16
呼符: 0
体力: 99.15666666666667 / 140
友情点: 120 / 142440`
*連続ログイン6日目
※ログインが途切れるか、7日到達すると
1日目から再開されます*
`聖晶石 X 2
12月交換券(2023) X 1
`*雪原のメリー・クリスマス2023 ～7days / 8years Snow Carol～開幕記念 ログインボーナス*
*開催期間中、1日1回 最大10回ログインボーナスをプレゼント！*
`白銀の果実 X 1
`_2023-12-21 19:37:01_
--------
*cc35aa5e26684026f8977d0840e09eee*
`登陆天数: 11天 / 1466天
等级: 128
石头: 11
呼符: 0
体力: 9722.27 / 137
友情点: 0 / 1026995`
*連続ログイン4日目
※ログインが途切れるか、7日到達すると
1日目から再開されます*
`聖晶石 X 1
12月交換券(2023) X 1
`*雪原のメリー・クリスマス2023 ～7days / 8years Snow Carol～開幕記念 ログインボーナス*
*開催期間中、1日1回 最大10回ログインボーナスをプレゼント！*
`白銀の果実 X 1
`_2023-12-21 19:37:09_
--------
