【登录信息】
*d7ad223a94b1cdb31734ad5fb25df4bd*
`登陆天数: 154天 / 1458天
等级: 140
石头: 24
呼符: 1
体力: 92.13333333333333 / 140
友情点: 100 / 373655`
*連続ログイン7日間到達おめでとうございます！
明日は1日目からリスタートされます。*
`獣の足跡 X 1
呼符 X 1
12月交換券(2023) X 1
`*雪原のメリー・クリスマス2023 ～7days / 8years Snow Carol～開幕記念 ログインボーナス*
*開催期間中、1日1回 最大10回ログインボーナスをプレゼント！*
`白銀の果実 X 1
`_2023-12-22 19:36:53_
--------
*cc35aa5e26684026f8977d0840e09eee*
`登陆天数: 12天 / 1467天
等级: 128
石头: 11
呼符: 0
体力: 10010.243333333334 / 137
友情点: 0 / 1026995`
*連続ログイン5日目
※ログインが途切れるか、7日到達すると
1日目から再開されます*
`叡智の業火 X 2
12月交換券(2023) X 1
`*雪原のメリー・クリスマス2023 ～7days / 8years Snow Carol～開幕記念 ログインボーナス*
*開催期間中、1日1回 最大10回ログインボーナスをプレゼント！*
`白銀の果実 X 1
`_2023-12-22 19:37:01_
--------
