【登录信息】
*d7ad223a94b1cdb31734ad5fb25df4bd*
`登陆天数: 155天 / 1459天
等级: 140
石头: 25
呼符: 0
体力: 57.906666666666666 / 140
友情点: 135 / 519840`
*連続ログイン1日目
※ログインが途切れるか、7日到達すると
1日目から再開されます*
`フレンドポイント X 2000
12月交換券(2023) X 1
`*雪原のメリー・クリスマス2023 ～7days / 8years Snow Carol～開幕記念 ログインボーナス*
*開催期間中、1日1回 最大10回ログインボーナスをプレゼント！*
`白銀の果実 X 1
`_2023-12-23 19:36:53_
--------
*cc35aa5e26684026f8977d0840e09eee*
`登陆天数: 13天 / 1468天
等级: 128
石头: 11
呼符: 0
体力: 10298.243333333334 / 137
友情点: 0 / 1026995`
*連続ログイン6日目
※ログインが途切れるか、7日到達すると
1日目から再開されます*
`聖晶石 X 2
12月交換券(2023) X 1
`*雪原のメリー・クリスマス2023 ～7days / 8years Snow Carol～開幕記念 ログインボーナス*
*開催期間中、1日1回 最大10回ログインボーナスをプレゼント！*
`白銀の果実 X 1
`_2023-12-23 19:37:01_
--------
