【登录信息】
*d7ad223a94b1cdb31734ad5fb25df4bd*
`登陆天数: 156天 / 1460天
等级: 141
石头: 8
呼符: 0
体力: 71.98 / 140
友情点: 175 / 781440`
*連続ログイン2日目
※ログインが途切れるか、7日到達すると
1日目から再開されます*
`聖晶石 X 1
12月交換券(2023) X 1
`*ネモ〔サンタ〕からのクリスマスプレゼント*
*開催期間中、初回ログインで「聖晶石×10」をプレゼント！*
`聖晶石 X 10
`_2023-12-24 19:36:46_
--------
*cc35aa5e26684026f8977d0840e09eee*
`登陆天数: 14天 / 1469天
等级: 128
石头: 11
呼符: 0
体力: 10586.216666666667 / 137
友情点: 0 / 1026995`
*連続ログイン7日間到達おめでとうございます！
明日は1日目からリスタートされます。*
`獣の足跡 X 1
呼符 X 1
12月交換券(2023) X 1
`*ネモ〔サンタ〕からのクリスマスプレゼント*
*開催期間中、初回ログインで「聖晶石×10」をプレゼント！*
`聖晶石 X 10
`_2023-12-24 19:36:54_
--------
