【登录信息】
*d7ad223a94b1cdb31734ad5fb25df4bd*
`登陆天数: 157天 / 1461天
等级: 141
石头: 23
呼符: 0
体力: 92.03 / 140
友情点: 85 / 785460`
*連続ログイン3日目
※ログインが途切れるか、7日到達すると
1日目から再開されます*
`叡智の業火 X 1
12月交換券(2023) X 1
`*雪原のメリー・クリスマス2023 ～7days / 8years Snow Carol～開幕記念 ログインボーナス*
*開催期間中、1日1回 最大10回ログインボーナスをプレゼント！*
`白銀の果実 X 1
`_2023-12-25 19:36:44_
--------
*cc35aa5e26684026f8977d0840e09eee*
`登陆天数: 15天 / 1470天
等级: 128
石头: 11
呼符: 0
体力: 10874.213333333333 / 137
友情点: 0 / 1026995`
*連続ログイン1日目
※ログインが途切れるか、7日到達すると
1日目から再開されます*
`フレンドポイント X 2000
12月交換券(2023) X 1
`*雪原のメリー・クリスマス2023 ～7days / 8years Snow Carol～開幕記念 ログインボーナス*
*開催期間中、1日1回 最大10回ログインボーナスをプレゼント！*
`白銀の果実 X 1
`_2023-12-25 19:36:52_
--------
