【登录信息】
*d7ad223a94b1cdb31734ad5fb25df4bd*
`登陆天数: 159天 / 1463天
等级: 141
石头: 31
呼符: 0
体力: 131.01333333333332 / 140
友情点: 160 / 1661225`
*連続ログイン5日目
※ログインが途切れるか、7日到達すると
1日目から再開されます*
`叡智の業火 X 2
12月交換券(2023) X 1
`*「FGO カルデア・サテライトステーション 2023-2024」京都会場開催直前 ログインボーナス*
*開催期間中、1日1回 最大3回 ログインボーナスをプレゼント！*
`黄金の果実 X 1
`_2023-12-27 19:37:01_
--------
*cc35aa5e26684026f8977d0840e09eee*
`登陆天数: 17天 / 1472天
等级: 128
石头: 4
呼符: 2
体力: 531.19 / 137
友情点: 0 / 1033020`
*連続ログイン3日目
※ログインが途切れるか、7日到達すると
1日目から再開されます*
`叡智の業火 X 1
12月交換券(2023) X 1
`*「FGO カルデア・サテライトステーション 2023-2024」京都会場開催直前 ログインボーナス*
*開催期間中、1日1回 最大3回 ログインボーナスをプレゼント！*
`黄金の果実 X 1
`_2023-12-27 19:37:09_
--------
