【登录信息】
*d7ad223a94b1cdb31734ad5fb25df4bd*
`登陆天数: 160天 / 1464天
等级: 142
石头: 32
呼符: 0
体力: 82.34 / 140
友情点: 85 / 1960880`
*連続ログイン6日目
※ログインが途切れるか、7日到達すると
1日目から再開されます*
`聖晶石 X 2
12月交換券(2023) X 1
`*「FGO カルデア・サテライトステーション 2023-2024」京都会場開催直前 ログインボーナス*
*開催期間中、1日1回 最大3回 ログインボーナスをプレゼント！*
`黄金の果実 X 1
`_2023-12-28 19:36:45_
--------
*cc35aa5e26684026f8977d0840e09eee*
`登陆天数: 18天 / 1473天
等级: 128
石头: 4
呼符: 2
体力: 819.14 / 137
友情点: 0 / 1033020`
*連続ログイン4日目
※ログインが途切れるか、7日到達すると
1日目から再開されます*
`聖晶石 X 1
12月交換券(2023) X 1
`*「FGO カルデア・サテライトステーション 2023-2024」京都会場開催直前 ログインボーナス*
*開催期間中、1日1回 最大3回 ログインボーナスをプレゼント！*
`黄金の果実 X 1
`_2023-12-28 19:36:53_
--------
