【登录信息】
*d7ad223a94b1cdb31734ad5fb25df4bd*
`登陆天数: 161天 / 1465天
等级: 142
石头: 71
呼符: 0
体力: 78.59 / 140
友情点: 135 / 2064195`
*連続ログイン7日間到達おめでとうございます！
明日は1日目からリスタートされます。*
`獣の足跡 X 1
呼符 X 1
12月交換券(2023) X 1
`*「FGO カルデア・サテライトステーション 2023-2024」京都会場開催記念 3万リポスト達成プレゼント*
*開催期間中、初回ログインで「聖晶石×6」をプレゼント！*
`聖晶石 X 6
`_2023-12-29 19:37:07_
--------
*cc35aa5e26684026f8977d0840e09eee*
`登陆天数: 19天 / 1474天
等级: 128
石头: 4
呼符: 2
体力: 1107.2133333333334 / 137
友情点: 0 / 1033020`
*連続ログイン5日目
※ログインが途切れるか、7日到達すると
1日目から再開されます*
`叡智の業火 X 2
12月交換券(2023) X 1
`*「FGO カルデア・サテライトステーション 2023-2024」京都会場開催記念 3万リポスト達成プレゼント*
*開催期間中、初回ログインで「聖晶石×6」をプレゼント！*
`聖晶石 X 6
`_2023-12-29 19:37:15_
--------
