【登录信息】
*d7ad223a94b1cdb31734ad5fb25df4bd*
`登陆天数: 162天 / 1466天
等级: 142
石头: 27
呼符: 0
体力: 76.21000000000001 / 140
友情点: 95 / 2064560`
*連続ログイン1日目
※ログインが途切れるか、7日到達すると
1日目から再開されます*
`フレンドポイント X 2000
12月交換券(2023) X 1
`*Fate Project 大晦日TVスペシャル2023 放送カウントダウンログインボーナス*
*開催期間中、1日1回 3日間日替りでログインボーナスをプレゼント！*
`黄金の果実 X 1
呼符 X 1
`_2023-12-30 19:36:43_
--------
*cc35aa5e26684026f8977d0840e09eee*
`登陆天数: 20天 / 1475天
等级: 128
石头: 4
呼符: 2
体力: 1395.1333333333334 / 137
友情点: 0 / 1033020`
*連続ログイン6日目
※ログインが途切れるか、7日到達すると
1日目から再開されます*
`聖晶石 X 2
12月交換券(2023) X 1
`*Fate Project 大晦日TVスペシャル2023 放送カウントダウンログインボーナス*
*開催期間中、1日1回 3日間日替りでログインボーナスをプレゼント！*
`黄金の果実 X 1
呼符 X 1
`_2023-12-30 19:36:51_
--------
