【登录信息】
*d7ad223a94b1cdb31734ad5fb25df4bd*
`登陆天数: 78天 / 1382天
等级: 137
石头: 213
呼符: 8
体力: 100.55333333333334 / 140
友情点: 20 / 32105`
*連続ログイン1日目
※ログインが途切れるか、7日到達すると
1日目から再開されます*
`フレンドポイント X 2000
10月交換券(2023) X 1
`*ワンジナ・ワールドツアー！ ～大精霊と巡る世界一周～開幕記念 ログインボーナス*
*開催期間中、1日1回 最大21回ログインボーナスをプレゼント！*
`白銀の果実 X 1
`_2023-10-07 19:32:31_
--------
*3322853c0eb356f83e9913aebbf1c187*
`登陆天数: 78天 / 1395天
等级: 128
石头: 2000
呼符: 0
体力: 95.66666666666666 / 137
友情点: 0 / 1008845`
*連続ログイン1日目
※ログインが途切れるか、7日到達すると
1日目から再開されます*
`フレンドポイント X 2000
10月交換券(2023) X 1
`*ワンジナ・ワールドツアー！ ～大精霊と巡る世界一周～開幕記念 ログインボーナス*
*開催期間中、1日1回 最大21回ログインボーナスをプレゼント！*
`白銀の果実 X 1
`_2023-10-07 19:32:39_
--------
