【登录信息】
*d7ad223a94b1cdb31734ad5fb25df4bd*
`登陆天数: 79天 / 1383天
等级: 137
石头: 213
呼符: 8
体力: 60.596666666666664 / 140
友情点: 40 / 34565`
*連続ログイン2日目
※ログインが途切れるか、7日到達すると
1日目から再開されます*
`聖晶石 X 1
10月交換券(2023) X 1
`*ワンジナ・ワールドツアー！ ～大精霊と巡る世界一周～開幕記念 ログインボーナス*
*開催期間中、1日1回 最大21回ログインボーナスをプレゼント！*
`白銀の果実 X 1
`_2023-10-08 19:32:40_
--------
*3322853c0eb356f83e9913aebbf1c187*
`登陆天数: 79天 / 1396天
等级: 128
石头: 2000
呼符: 0
体力: 383.7 / 137
友情点: 0 / 1008845`
*連続ログイン2日目
※ログインが途切れるか、7日到達すると
1日目から再開されます*
`聖晶石 X 1
10月交換券(2023) X 1
`*ワンジナ・ワールドツアー！ ～大精霊と巡る世界一周～開幕記念 ログインボーナス*
*開催期間中、1日1回 最大21回ログインボーナスをプレゼント！*
`白銀の果実 X 1
`_2023-10-08 19:32:49_
--------
