【登录信息】
*d7ad223a94b1cdb31734ad5fb25df4bd*
`登陆天数: 80天 / 1384天
等级: 137
石头: 217
呼符: 0
体力: 108.63666666666667 / 140
友情点: 20 / 38020`
*連続ログイン3日目
※ログインが途切れるか、7日到達すると
1日目から再開されます*
`叡智の業火 X 1
10月交換券(2023) X 1
`*ワンジナ・ワールドツアー！ ～大精霊と巡る世界一周～開幕記念 ログインボーナス*
*開催期間中、1日1回 最大21回ログインボーナスをプレゼント！*
`白銀の果実 X 1
`_2023-10-09 19:32:53_
--------
*3322853c0eb356f83e9913aebbf1c187*
`登陆天数: 80天 / 1397天
等级: 128
石头: 2000
呼符: 0
体力: 671.7433333333333 / 137
友情点: 0 / 1008845`
*連続ログイン3日目
※ログインが途切れるか、7日到達すると
1日目から再開されます*
`叡智の業火 X 1
10月交換券(2023) X 1
`*ワンジナ・ワールドツアー！ ～大精霊と巡る世界一周～開幕記念 ログインボーナス*
*開催期間中、1日1回 最大21回ログインボーナスをプレゼント！*
`白銀の果実 X 1
`_2023-10-09 19:33:02_
--------
