【登录信息】
*d7ad223a94b1cdb31734ad5fb25df4bd*
`登陆天数: 82天 / 1386天
等级: 137
石头: 225
呼符: 0
体力: 73.92333333333333 / 140
友情点: 0 / 37905`
*連続ログイン5日目
※ログインが途切れるか、7日到達すると
1日目から再開されます*
`叡智の業火 X 2
10月交換券(2023) X 1
`*日替りログインボーナス*
*開催期間中、1日1回 2週間日替りでログインボーナスをプレゼント！*
`巡霊の葉 X 30
`_2023-10-11 19:32:40_
--------
*3322853c0eb356f83e9913aebbf1c187*
`登陆天数: 82天 / 1399天
等级: 128
石头: 1970
呼符: 0
体力: 136.99333333333334 / 137
友情点: 0 / 1008845`
*連続ログイン5日目
※ログインが途切れるか、7日到達すると
1日目から再開されます*
`叡智の業火 X 2
10月交換券(2023) X 1
`*日替りログインボーナス*
*開催期間中、1日1回 2週間日替りでログインボーナスをプレゼント！*
`巡霊の葉 X 30
`_2023-10-11 19:32:49_
--------
