【登录信息】
*d7ad223a94b1cdb31734ad5fb25df4bd*
`登陆天数: 83天 / 1387天
等级: 137
石头: 246
呼符: 0
体力: 67.16 / 140
友情点: 20 / 39990`
*連続ログイン6日目
※ログインが途切れるか、7日到達すると
1日目から再開されます*
`聖晶石 X 2
10月交換券(2023) X 1
`*日替りログインボーナス*
*開催期間中、1日1回 2週間日替りでログインボーナスをプレゼント！*
`巡霊の葉 X 30
`_2023-10-12 19:32:46_
--------
*3322853c0eb356f83e9913aebbf1c187*
`登陆天数: 83天 / 1400天
等级: 128
石头: 1940
呼符: 0
体力: 80.48666666666666 / 137
友情点: 0 / 1008845`
*連続ログイン6日目
※ログインが途切れるか、7日到達すると
1日目から再開されます*
`聖晶石 X 2
10月交換券(2023) X 1
`*日替りログインボーナス*
*開催期間中、1日1回 2週間日替りでログインボーナスをプレゼント！*
`巡霊の葉 X 30
`_2023-10-12 19:32:55_
--------
