【登录信息】
*d7ad223a94b1cdb31734ad5fb25df4bd*
`登陆天数: 84天 / 1388天
等级: 137
石头: 251
呼符: 0
体力: 88.50999999999999 / 140
友情点: 10 / 44005`
*連続ログイン7日間到達おめでとうございます！
明日は1日目からリスタートされます。*
`獣の足跡 X 1
呼符 X 1
10月交換券(2023) X 1
`*日替りログインボーナス*
*開催期間中、1日1回 2週間日替りでログインボーナスをプレゼント！*
`聖晶石 X 2
巡霊の葉 X 100
`_2023-10-13 19:32:39_
--------
*3322853c0eb356f83e9913aebbf1c187*
`登陆天数: 84天 / 1401天
等级: 128
石头: 1670
呼符: 0
体力: 101.6 / 137
友情点: 0 / 1008845`
*連続ログイン7日間到達おめでとうございます！
明日は1日目からリスタートされます。*
`獣の足跡 X 1
呼符 X 1
10月交換券(2023) X 1
`*日替りログインボーナス*
*開催期間中、1日1回 2週間日替りでログインボーナスをプレゼント！*
`聖晶石 X 2
巡霊の葉 X 100
`_2023-10-13 19:32:48_
--------
