【登录信息】
*d7ad223a94b1cdb31734ad5fb25df4bd*
`登陆天数: 85天 / 1389天
等级: 138
石头: 274
呼符: 0
体力: 95.00666666666666 / 140
友情点: 20 / 47345`
*連続ログイン1日目
※ログインが途切れるか、7日到達すると
1日目から再開されます*
`フレンドポイント X 2000
10月交換券(2023) X 1
`*リリース3000日突破キャンペーン 初回ログインボーナス*
*開催期間中、初回ログインで「聖晶石×10」をプレゼント！*
`聖晶石 X 10
`_2023-10-14 19:32:43_
--------
*3322853c0eb356f83e9913aebbf1c187*
`登陆天数: 85天 / 1402天
等级: 128
石头: 1670
呼符: 0
体力: 389.61 / 137
友情点: 0 / 1008845`
*連続ログイン1日目
※ログインが途切れるか、7日到達すると
1日目から再開されます*
`フレンドポイント X 2000
10月交換券(2023) X 1
`*リリース3000日突破キャンペーン 初回ログインボーナス*
*開催期間中、初回ログインで「聖晶石×10」をプレゼント！*
`聖晶石 X 10
`_2023-10-14 19:32:51_
--------
