【登录信息】
*d7ad223a94b1cdb31734ad5fb25df4bd*
`登陆天数: 86天 / 1390天
等级: 138
石头: 21
呼符: 0
体力: 81.99666666666667 / 140
友情点: 10 / 52675`
*連続ログイン2日目
※ログインが途切れるか、7日到達すると
1日目から再開されます*
`聖晶石 X 1
10月交換券(2023) X 1
`*日替りログインボーナス*
*開催期間中、1日1回 2週間日替りでログインボーナスをプレゼント！*
`巡霊の葉 X 30
`_2023-10-15 19:32:47_
--------
*3322853c0eb356f83e9913aebbf1c187*
`登陆天数: 86天 / 1403天
等级: 128
石头: 1010
呼符: 0
体力: 161.25 / 137
友情点: 0 / 1008845`
*連続ログイン2日目
※ログインが途切れるか、7日到達すると
1日目から再開されます*
`聖晶石 X 1
10月交換券(2023) X 1
`*日替りログインボーナス*
*開催期間中、1日1回 2週間日替りでログインボーナスをプレゼント！*
`巡霊の葉 X 30
`_2023-10-15 19:32:55_
--------
