【登录信息】
*d7ad223a94b1cdb31734ad5fb25df4bd*
`登陆天数: 87天 / 1391天
等级: 138
石头: 12
呼符: 0
体力: 101.95 / 140
友情点: 0 / 56090`
*連続ログイン3日目
※ログインが途切れるか、7日到達すると
1日目から再開されます*
`叡智の業火 X 1
10月交換券(2023) X 1
`*日替りログインボーナス*
*開催期間中、1日1回 2週間日替りでログインボーナスをプレゼント！*
`巡霊の葉 X 30
`_2023-10-16 19:32:33_
--------
*3322853c0eb356f83e9913aebbf1c187*
`登陆天数: 87天 / 1404天
等级: 128
石头: 1077
呼符: 1
体力: 102.74000000000001 / 137
友情点: 0 / 1012845`
*連続ログイン3日目
※ログインが途切れるか、7日到達すると
1日目から再開されます*
`叡智の業火 X 1
10月交換券(2023) X 1
`*日替りログインボーナス*
*開催期間中、1日1回 2週間日替りでログインボーナスをプレゼント！*
`巡霊の葉 X 30
`_2023-10-16 19:32:42_
--------
