【登录信息】
*d7ad223a94b1cdb31734ad5fb25df4bd*
`登陆天数: 88天 / 1392天
等级: 138
石头: 24
呼符: 0
体力: 60.06999999999999 / 140
友情点: 30 / 58835`
*連続ログイン4日目
※ログインが途切れるか、7日到達すると
1日目から再開されます*
`聖晶石 X 1
10月交換券(2023) X 1
`*日替りログインボーナス*
*開催期間中、1日1回 2週間日替りでログインボーナスをプレゼント！*
`聖晶石 X 3
巡霊の葉 X 50
`_2023-10-17 19:33:09_
--------
*cc35aa5e26684026f8977d0840e09eee*
`登陆天数: 88天 / 1405天
等级: 128
石头: 600
呼符: 1
体力: 287.4133333333333 / 137
友情点: 0 / 1012995`
*連続ログイン4日目
※ログインが途切れるか、7日到達すると
1日目から再開されます*
`聖晶石 X 1
10月交換券(2023) X 1
`*日替りログインボーナス*
*開催期間中、1日1回 2週間日替りでログインボーナスをプレゼント！*
`聖晶石 X 3
巡霊の葉 X 50
`_2023-10-17 19:33:17_
--------
