【登录信息】
*d7ad223a94b1cdb31734ad5fb25df4bd*
`登陆天数: 89天 / 1393天
等级: 138
石头: 38
呼符: 0
体力: 118.0 / 140
友情点: 120 / 60585`
*連続ログイン5日目
※ログインが途切れるか、7日到達すると
1日目から再開されます*
`叡智の業火 X 2
10月交換券(2023) X 1
`*日替りログインボーナス*
*開催期間中、1日1回 2週間日替りでログインボーナスをプレゼント！*
`巡霊の葉 X 30
`_2023-10-18 19:32:48_
--------
*cc35aa5e26684026f8977d0840e09eee*
`登陆天数: 89天 / 1406天
等级: 128
石头: 604
呼符: 1
体力: 208.9766666666667 / 137
友情点: 0 / 1012995`
*連続ログイン5日目
※ログインが途切れるか、7日到達すると
1日目から再開されます*
`叡智の業火 X 2
10月交換券(2023) X 1
`*日替りログインボーナス*
*開催期間中、1日1回 2週間日替りでログインボーナスをプレゼント！*
`巡霊の葉 X 30
`_2023-10-18 19:32:57_
--------
