【登录信息】
*d7ad223a94b1cdb31734ad5fb25df4bd*
`登陆天数: 90天 / 1394天
等级: 138
石头: 38
呼符: 0
体力: 97.36 / 140
友情点: 60 / 61785`
*連続ログイン6日目
※ログインが途切れるか、7日到達すると
1日目から再開されます*
`聖晶石 X 2
10月交換券(2023) X 1
`*日替りログインボーナス*
*開催期間中、1日1回 2週間日替りでログインボーナスをプレゼント！*
`巡霊の葉 X 30
`_2023-10-19 19:32:54_
--------
*cc35aa5e26684026f8977d0840e09eee*
`登陆天数: 90天 / 1407天
等级: 128
石头: 604
呼符: 1
体力: 496.99333333333334 / 137
友情点: 0 / 1012995`
*連続ログイン6日目
※ログインが途切れるか、7日到達すると
1日目から再開されます*
`聖晶石 X 2
10月交換券(2023) X 1
`*日替りログインボーナス*
*開催期間中、1日1回 2週間日替りでログインボーナスをプレゼント！*
`巡霊の葉 X 30
`_2023-10-19 19:33:02_
--------
