【登录信息】
*d7ad223a94b1cdb31734ad5fb25df4bd*
`登陆天数: 91天 / 1395天
等级: 138
石头: 41
呼符: 0
体力: 65.34 / 140
友情点: 65 / 65400`
*連続ログイン7日間到達おめでとうございます！
明日は1日目からリスタートされます。*
`獣の足跡 X 1
呼符 X 1
10月交換券(2023) X 1
`*日替りログインボーナス*
*開催期間中、1日1回 2週間日替りでログインボーナスをプレゼント！*
`聖晶石 X 2
巡霊の葉 X 100
`_2023-10-20 19:32:48_
--------
*cc35aa5e26684026f8977d0840e09eee*
`登陆天数: 91天 / 1408天
等级: 128
石头: 343
呼符: 1
体力: 784.9766666666667 / 137
友情点: 0 / 1012995`
*連続ログイン7日間到達おめでとうございます！
明日は1日目からリスタートされます。*
`獣の足跡 X 1
呼符 X 1
10月交換券(2023) X 1
`*日替りログインボーナス*
*開催期間中、1日1回 2週間日替りでログインボーナスをプレゼント！*
`聖晶石 X 2
巡霊の葉 X 100
`_2023-10-20 19:32:57_
--------
