【登录信息】
*d7ad223a94b1cdb31734ad5fb25df4bd*
`登陆天数: 92天 / 1396天
等级: 138
石头: 51
呼符: 2
体力: 68.34333333333333 / 140
友情点: 10 / 67135`
*連続ログイン1日目
※ログインが途切れるか、7日到達すると
1日目から再開されます*
`フレンドポイント X 2000
10月交換券(2023) X 1
`*日替りログインボーナス*
*開催期間中、1日1回 2週間日替りでログインボーナスをプレゼント！*
`巡霊の葉 X 30
`_2023-10-21 19:32:49_
--------
*cc35aa5e26684026f8977d0840e09eee*
`登陆天数: 92天 / 1409天
等级: 128
石头: 258
呼符: 3
体力: 150.37 / 137
友情点: 0 / 1012995`
*連続ログイン1日目
※ログインが途切れるか、7日到達すると
1日目から再開されます*
`フレンドポイント X 2000
10月交換券(2023) X 1
`*日替りログインボーナス*
*開催期間中、1日1回 2週間日替りでログインボーナスをプレゼント！*
`巡霊の葉 X 30
`_2023-10-21 19:32:57_
--------
