【登录信息】
*d7ad223a94b1cdb31734ad5fb25df4bd*
`登陆天数: 93天 / 1397天
等级: 138
石头: 54
呼符: 0
体力: 76.27666666666667 / 140
友情点: 515 / 72405`
*連続ログイン2日目
※ログインが途切れるか、7日到達すると
1日目から再開されます*
`聖晶石 X 1
10月交換券(2023) X 1
`*日替りログインボーナス*
*開催期間中、1日1回 2週間日替りでログインボーナスをプレゼント！*
`巡霊の葉 X 30
`_2023-10-22 19:32:29_
--------
*cc35aa5e26684026f8977d0840e09eee*
`登陆天数: 93天 / 1410天
等级: 128
石头: 258
呼符: 3
体力: 438.30333333333334 / 137
友情点: 0 / 1012995`
*連続ログイン2日目
※ログインが途切れるか、7日到達すると
1日目から再開されます*
`聖晶石 X 1
10月交換券(2023) X 1
`*日替りログインボーナス*
*開催期間中、1日1回 2週間日替りでログインボーナスをプレゼント！*
`巡霊の葉 X 30
`_2023-10-22 19:32:37_
--------
