【登录信息】
*d7ad223a94b1cdb31734ad5fb25df4bd*
`登陆天数: 94天 / 1398天
等级: 138
石头: 61
呼符: 0
体力: 90.34333333333333 / 140
友情点: 35 / 70590`
*連続ログイン3日目
※ログインが途切れるか、7日到達すると
1日目から再開されます*
`叡智の業火 X 1
10月交換券(2023) X 1
`*日替りログインボーナス*
*開催期間中、1日1回 2週間日替りでログインボーナスをプレゼント！*
`巡霊の葉 X 30
`_2023-10-23 19:32:49_
--------
*cc35aa5e26684026f8977d0840e09eee*
`登陆天数: 94天 / 1411天
等级: 128
石头: 258
呼符: 3
体力: 726.37 / 137
友情点: 0 / 1012995`
*連続ログイン3日目
※ログインが途切れるか、7日到達すると
1日目から再開されます*
`叡智の業火 X 1
10月交換券(2023) X 1
`*日替りログインボーナス*
*開催期間中、1日1回 2週間日替りでログインボーナスをプレゼント！*
`巡霊の葉 X 30
`_2023-10-23 19:32:57_
--------
