【登录信息】
*d7ad223a94b1cdb31734ad5fb25df4bd*
`登陆天数: 96天 / 1400天
等级: 138
石头: 72
呼符: 2
体力: 71.31333333333333 / 140
友情点: 0 / 620`
*連続ログイン5日目
※ログインが途切れるか、7日到達すると
1日目から再開されます*
`叡智の業火 X 2
10月交換券(2023) X 1
`*FGO カルデア放送局 ライト版 聖杯戦線 ～白天の城、黒夜の城～放送記念 初回ログインボーナス*
*開催期間中、初回ログインで「聖晶石×14」をプレゼント！*
`聖晶石 X 14
`_2023-10-25 19:32:40_
--------
*cc35aa5e26684026f8977d0840e09eee*
`登陆天数: 96天 / 1413天
等级: 128
石头: 258
呼符: 3
体力: 1302.34 / 137
友情点: 0 / 1012995`
*連続ログイン5日目
※ログインが途切れるか、7日到達すると
1日目から再開されます*
`叡智の業火 X 2
10月交換券(2023) X 1
`*FGO カルデア放送局 ライト版 聖杯戦線 ～白天の城、黒夜の城～放送記念 初回ログインボーナス*
*開催期間中、初回ログインで「聖晶石×14」をプレゼント！*
`聖晶石 X 14
`_2023-10-25 19:32:48_
--------
