【登录信息】
*d7ad223a94b1cdb31734ad5fb25df4bd*
`登陆天数: 97天 / 1401天
等级: 138
石头: 129
呼符: 0
体力: 64.28333333333333 / 140
友情点: 10 / 1830`
*連続ログイン6日目
※ログインが途切れるか、7日到達すると
1日目から再開されます*
`聖晶石 X 2
10月交換券(2023) X 1
`*聖杯戦線 ～白天の城、黒夜の城～開幕記念 ログインボーナス*
*開催期間中、1日1回 最大21回ログインボーナスをプレゼント！*
`白銀の果実 X 1
`_2023-10-26 19:32:31_
--------
*cc35aa5e26684026f8977d0840e09eee*
`登陆天数: 97天 / 1414天
等级: 128
石头: 18
呼符: 3
体力: 206.95666666666665 / 137
友情点: 0 / 1012995`
*連続ログイン6日目
※ログインが途切れるか、7日到達すると
1日目から再開されます*
`聖晶石 X 2
10月交換券(2023) X 1
`*聖杯戦線 ～白天の城、黒夜の城～開幕記念 ログインボーナス*
*開催期間中、1日1回 最大21回ログインボーナスをプレゼント！*
`白銀の果実 X 1
`_2023-10-26 19:32:39_
--------
