【登录信息】
*d7ad223a94b1cdb31734ad5fb25df4bd*
`登陆天数: 98天 / 1402天
等级: 138
石头: 133
呼符: 0
体力: 67.29333333333334 / 140
友情点: 10 / 965`
*連続ログイン7日間到達おめでとうございます！
明日は1日目からリスタートされます。*
`獣の足跡 X 1
呼符 X 1
10月交換券(2023) X 1
`*聖杯戦線 ～白天の城、黒夜の城～開幕記念 ログインボーナス*
*開催期間中、1日1回 最大21回ログインボーナスをプレゼント！*
`白銀の果実 X 1
`_2023-10-27 19:32:34_
--------
*cc35aa5e26684026f8977d0840e09eee*
`登陆天数: 98天 / 1415天
等级: 128
石头: 18
呼符: 3
体力: 494.97 / 137
友情点: 0 / 1012995`
*連続ログイン7日間到達おめでとうございます！
明日は1日目からリスタートされます。*
`獣の足跡 X 1
呼符 X 1
10月交換券(2023) X 1
`*聖杯戦線 ～白天の城、黒夜の城～開幕記念 ログインボーナス*
*開催期間中、1日1回 最大21回ログインボーナスをプレゼント！*
`白銀の果実 X 1
`_2023-10-27 19:32:43_
--------
