【登录信息】
*d7ad223a94b1cdb31734ad5fb25df4bd*
`登陆天数: 99天 / 1403天
等级: 138
石头: 139
呼符: 0
体力: 65.34666666666666 / 140
友情点: 50 / 2080`
*連続ログイン1日目
※ログインが途切れるか、7日到達すると
1日目から再開されます*
`フレンドポイント X 2000
10月交換券(2023) X 1
`*聖杯戦線 ～白天の城、黒夜の城～開幕記念 ログインボーナス*
*開催期間中、1日1回 最大21回ログインボーナスをプレゼント！*
`白銀の果実 X 1
`_2023-10-28 19:32:49_
--------
*cc35aa5e26684026f8977d0840e09eee*
`登陆天数: 99天 / 1416天
等级: 128
石头: 18
呼符: 3
体力: 783.02 / 137
友情点: 0 / 1012995`
*連続ログイン1日目
※ログインが途切れるか、7日到達すると
1日目から再開されます*
`フレンドポイント X 2000
10月交換券(2023) X 1
`*聖杯戦線 ～白天の城、黒夜の城～開幕記念 ログインボーナス*
*開催期間中、1日1回 最大21回ログインボーナスをプレゼント！*
`白銀の果実 X 1
`_2023-10-28 19:32:58_
--------
