【登录信息】
*d7ad223a94b1cdb31734ad5fb25df4bd*
`登陆天数: 100天 / 1404天
等级: 138
石头: 143
呼符: 0
体力: 63.349999999999994 / 140
友情点: 50 / 225`
*連続ログイン2日目
※ログインが途切れるか、7日到達すると
1日目から再開されます*
`聖晶石 X 1
10月交換券(2023) X 1
`*初回ログインボーナス*
*開催期間中、初回ログインボーナスをプレゼント！*
`聖晶石 X 10
`_2023-10-29 19:32:51_
--------
*cc35aa5e26684026f8977d0840e09eee*
`登陆天数: 100天 / 1417天
等级: 128
石头: 18
呼符: 3
体力: 1071.0233333333333 / 137
友情点: 0 / 1012995`
*連続ログイン2日目
※ログインが途切れるか、7日到達すると
1日目から再開されます*
`聖晶石 X 1
10月交換券(2023) X 1
`*初回ログインボーナス*
*開催期間中、初回ログインボーナスをプレゼント！*
`聖晶石 X 10
`_2023-10-29 19:32:59_
--------
