【登录信息】
*d7ad223a94b1cdb31734ad5fb25df4bd*
`登陆天数: 101天 / 1405天
等级: 138
石头: 96
呼符: 1
体力: 72.97666666666667 / 140
友情点: 45 / 1340`
*連続ログイン3日目
※ログインが途切れるか、7日到達すると
1日目から再開されます*
`叡智の業火 X 1
10月交換券(2023) X 1
`*聖杯戦線 ～白天の城、黒夜の城～開幕記念 ログインボーナス*
*開催期間中、1日1回 最大21回ログインボーナスをプレゼント！*
`白銀の果実 X 1
`_2023-10-30 19:32:49_
--------
*cc35aa5e26684026f8977d0840e09eee*
`登陆天数: 101天 / 1418天
等级: 128
石头: 18
呼符: 3
体力: 1359.02 / 137
友情点: 0 / 1012995`
*連続ログイン3日目
※ログインが途切れるか、7日到達すると
1日目から再開されます*
`叡智の業火 X 1
10月交換券(2023) X 1
`*聖杯戦線 ～白天の城、黒夜の城～開幕記念 ログインボーナス*
*開催期間中、1日1回 最大21回ログインボーナスをプレゼント！*
`白銀の果実 X 1
`_2023-10-30 19:32:58_
--------
